Using pre-set license
Built from '2020.3/staging' branch; Version is '2020.3.14f1 (d0d1bb862f9d) revision 13685179'; Using compiler version '192528614'; Build Type 'Release'
OS: 'Windows 10 Home; OS build 19042.1165; Version 2009; 64bit' Language: 'ko' Physical Memory: 8144 MB
BatchMode: 1, IsHumanControllingUs: 0, StartBugReporterOnCrash: 0, Is64bit: 1, IsPro: 0

 COMMAND LINE ARGUMENTS:
C:\Program Files\Unity\Hub\Editor\2020.3.14f1\Editor\Unity.exe
-adb2
-batchMode
-noUpm
-name
AssetImportWorker0
-projectPath
D:/유니티엔진/내가만든좀비게임_최종
-logFile
Logs/AssetImportWorker0.log
-srvPort
55199
Successfully changed project path to: D:/유니티엔진/내가만든좀비게임_최종
D:/유니티엔진/내가만든좀비게임_최종
Using Asset Import Pipeline V2.
Refreshing native plugins compatible for Editor in 43.99 ms, found 2 plugins.
Preloading 0 native plugins for Editor in 0.00 ms.
Initialize engine version: 2020.3.14f1 (d0d1bb862f9d)
[Subsystems] Discovering subsystems at path C:/Program Files/Unity/Hub/Editor/2020.3.14f1/Editor/Data/Resources/UnitySubsystems
[Subsystems] Discovering subsystems at path D:/유니티엔진/내가만든좀비게임_최종/Assets
GfxDevice: creating device client; threaded=0
Direct3D:
    Version:  Direct3D 11.0 [level 11.0]
    Renderer: NVIDIA GeForce GTX 750 Ti (ID=0x1380)
    Vendor:   
    VRAM:     2007 MB
    Driver:   27.21.14.5671
Initialize mono
Mono path[0] = 'C:/Program Files/Unity/Hub/Editor/2020.3.14f1/Editor/Data/Managed'
Mono path[1] = 'C:/Program Files/Unity/Hub/Editor/2020.3.14f1/Editor/Data/MonoBleedingEdge/lib/mono/unityjit'
Mono config path = 'C:/Program Files/Unity/Hub/Editor/2020.3.14f1/Editor/Data/MonoBleedingEdge/etc'
Using monoOptions --debugger-agent=transport=dt_socket,embedding=1,server=y,suspend=n,address=127.0.0.1:56860
Begin MonoManager ReloadAssembly
Registering precompiled unity dll's ...
Register platform support module: C:/Program Files/Unity/Hub/Editor/2020.3.14f1/Editor/Data/PlaybackEngines/WindowsStandaloneSupport/UnityEditor.WindowsStandalone.Extensions.dll
Registered in 0.004353 seconds.
Native extension for WindowsStandalone target not found
Refreshing native plugins compatible for Editor in 40.22 ms, found 2 plugins.
Preloading 0 native plugins for Editor in 0.00 ms.
Mono: successfully reloaded assembly
- Completed reload, in  1.563 seconds
Domain Reload Profiling:
	ReloadAssembly (1563ms)
		BeginReloadAssembly (81ms)
			ExecutionOrderSort (0ms)
			DisableScriptedObjects (0ms)
			BackupInstance (0ms)
			ReleaseScriptingObjects (0ms)
			CreateAndSetChildDomain (1ms)
		EndReloadAssembly (467ms)
			LoadAssemblies (76ms)
			RebuildTransferFunctionScriptingTraits (0ms)
			SetupTypeCache (166ms)
			ReleaseScriptCaches (0ms)
			RebuildScriptCaches (36ms)
			SetupLoadedEditorAssemblies (176ms)
				LogAssemblyErrors (0ms)
				InitializePlatformSupportModulesInManaged (5ms)
				SetLoadedEditorAssemblies (0ms)
				RefreshPlugins (40ms)
				BeforeProcessingInitializeOnLoad (16ms)
				ProcessInitializeOnLoadAttributes (84ms)
				ProcessInitializeOnLoadMethodAttributes (30ms)
				AfterProcessingInitializeOnLoad (0ms)
				EditorAssembliesLoaded (0ms)
			ExecutionOrderSort2 (0ms)
			AwakeInstancesAfterBackupRestoration (0ms)
Platform modules already initialized, skipping
Registering precompiled user dll's ...
Registered in 0.005533 seconds.
Begin MonoManager ReloadAssembly
Native extension for WindowsStandalone target not found
Refreshing native plugins compatible for Editor in 1.16 ms, found 2 plugins.
Preloading 0 native plugins for Editor in 0.00 ms.
Mono: successfully reloaded assembly
- Completed reload, in  1.214 seconds
Domain Reload Profiling:
	ReloadAssembly (1216ms)
		BeginReloadAssembly (185ms)
			ExecutionOrderSort (0ms)
			DisableScriptedObjects (5ms)
			BackupInstance (0ms)
			ReleaseScriptingObjects (0ms)
			CreateAndSetChildDomain (24ms)
		EndReloadAssembly (951ms)
			LoadAssemblies (116ms)
			RebuildTransferFunctionScriptingTraits (0ms)
			SetupTypeCache (309ms)
			ReleaseScriptCaches (0ms)
			RebuildScriptCaches (58ms)
			SetupLoadedEditorAssemblies (380ms)
				LogAssemblyErrors (0ms)
				InitializePlatformSupportModulesInManaged (6ms)
				SetLoadedEditorAssemblies (1ms)
				RefreshPlugins (1ms)
				BeforeProcessingInitializeOnLoad (112ms)
				ProcessInitializeOnLoadAttributes (241ms)
				ProcessInitializeOnLoadMethodAttributes (4ms)
				AfterProcessingInitializeOnLoad (14ms)
				EditorAssembliesLoaded (0ms)
			ExecutionOrderSort2 (0ms)
			AwakeInstancesAfterBackupRestoration (7ms)
Platform modules already initialized, skipping
========================================================================
Worker process is ready to serve import requests
Launched and connected shader compiler UnityShaderCompiler.exe after 0.06 seconds
Refreshing native plugins compatible for Editor in 0.54 ms, found 2 plugins.
Preloading 0 native plugins for Editor in 0.00 ms.
Unloading 1471 Unused Serialized files (Serialized files now loaded: 0)
System memory in use before: 70.0 MB.
System memory in use after: 70.1 MB.

Unloading 18 unused Assets to reduce memory usage. Loaded Objects now: 1906.
Total: 2.286600 ms (FindLiveObjects: 0.201000 ms CreateObjectMapping: 0.057700 ms MarkObjects: 1.937600 ms  DeleteObjects: 0.089000 ms)

AssetImportParameters requested are different than current active one (requested -> active):
  custom:framework-win-MediaFoundation: 216162199b28c13a410421893ffa2e32 -> 
  custom:video-decoder-ogg-theora: a1e56fd34408186e4bbccfd4996cb3dc -> 
  custom:container-muxer-webm: aa71ff27fc2769a1b78a27578f13a17b -> 
  custom:container-demuxer-webm: 4f35f7cbe854078d1ac9338744f61a02 -> 
  custom:container-demuxer-ogg: 62fdf1f143b41e24485cea50d1cbac27 -> 
  custom:video-encoder-webm-vp8: eb34c28f22e8b96e1ab97ce403110664 -> 
  custom:video-decoder-webm-vp8: 9c59270c3fd7afecdb556c50c9e8de78 -> 
  custom:audio-decoder-ogg-vorbis: bf7c407c2cedff20999df2af8eb42d56 -> 
  custom:audio-encoder-webm-vorbis: bf7c407c2cedff20999df2af8eb42d56 -> 
========================================================================
Received Import Request.
  path: Assets/_TerrainAutoUpgrade/layer_proto_35cf3da06f5211986.terrainlayer
  artifactKey: Guid(152c2f99ae1b05e4fbeff51f8ef664b1) Importer(815301076,1909f56bfc062723c751e8b465ee728b)
Start importing Assets/_TerrainAutoUpgrade/layer_proto_35cf3da06f5211986.terrainlayer using Guid(152c2f99ae1b05e4fbeff51f8ef664b1) Importer(815301076,1909f56bfc062723c751e8b465ee728b)  -> (artifact id: '6e65681f7f0c61b1af82f8613dbff2b2') in 0.114306 seconds 
  Import took 0.117035 seconds .

========================================================================
Received Import Request.
  Time since last request: 0.000386 seconds.
  path: Assets/Tree_Textures/normal_specular.png
  artifactKey: Guid(a45ebb635b2b4504b9daf5994540631f) Importer(815301076,1909f56bfc062723c751e8b465ee728b)
Start importing Assets/Tree_Textures/normal_specular.png using Guid(a45ebb635b2b4504b9daf5994540631f) Importer(815301076,1909f56bfc062723c751e8b465ee728b)  -> (artifact id: '0e60a6c4852beff3dba6b37b2eda9538') in 0.067044 seconds 
  Import took 0.069626 seconds .

========================================================================
Received Import Request.
  Time since last request: 0.000288 seconds.
  path: Assets/Tree_Textures/shadow.png
  artifactKey: Guid(95a90906512a31448a057ad9a64925a2) Importer(815301076,1909f56bfc062723c751e8b465ee728b)
Start importing Assets/Tree_Textures/shadow.png using Guid(95a90906512a31448a057ad9a64925a2) Importer(815301076,1909f56bfc062723c751e8b465ee728b)  -> (artifact id: '7852b39fffe77086fb7dce741c6afda3') in 0.030143 seconds 
  Import took 0.032863 seconds .

========================================================================
Received Import Request.
  Time since last request: 0.000295 seconds.
  path: Assets/Tree_Textures/diffuse.png
  artifactKey: Guid(b2e92b2bc4f828f40b03b57e81bfb893) Importer(815301076,1909f56bfc062723c751e8b465ee728b)
Start importing Assets/Tree_Textures/diffuse.png using Guid(b2e92b2bc4f828f40b03b57e81bfb893) Importer(815301076,1909f56bfc062723c751e8b465ee728b)  -> (artifact id: '8692705b84bd4877c5cab3d395deaea2') in 0.029180 seconds 
  Import took 0.031629 seconds .

========================================================================
Received Import Request.
  Time since last request: 0.000293 seconds.
  path: Assets/Tree_Textures/translucency_gloss.png
  artifactKey: Guid(15687fd2f2da5c24c9db2c42ff3baa69) Importer(815301076,1909f56bfc062723c751e8b465ee728b)
Start importing Assets/Tree_Textures/translucency_gloss.png using Guid(15687fd2f2da5c24c9db2c42ff3baa69) Importer(815301076,1909f56bfc062723c751e8b465ee728b)  -> (artifact id: 'ab70e86d4beb4c73c9df9aa7e9e72d41') in 0.029341 seconds 
  Import took 0.031788 seconds .

========================================================================
Received Import Request.
  Time since last request: 0.000299 seconds.
  path: Assets/Assets/FPSController.prefab
  artifactKey: Guid(047544c05a8d5b14b8980e3427747aed) Importer(815301076,1909f56bfc062723c751e8b465ee728b)
Start importing Assets/Assets/FPSController.prefab using Guid(047544c05a8d5b14b8980e3427747aed) Importer(815301076,1909f56bfc062723c751e8b465ee728b)  -> (artifact id: 'f077b1429a4a2c1f6d7faf08b6f0bfe5') in 0.763942 seconds 
  Import took 0.768893 seconds .

========================================================================
Received Import Request.
  Time since last request: 4.015561 seconds.
  path: Assets/Scenes
  artifactKey: Guid(1b8677bb4e670ef48a9135a63f40a2f3) Importer(815301076,1909f56bfc062723c751e8b465ee728b)
Start importing Assets/Scenes using Guid(1b8677bb4e670ef48a9135a63f40a2f3) Importer(815301076,1909f56bfc062723c751e8b465ee728b)  -> (artifact id: '6b1aee9381d1c4d8a0449eb494e17c0f') in 0.016829 seconds 
  Import took 0.019500 seconds .

========================================================================
Received Import Request.
  Time since last request: 0.972426 seconds.
  path: Assets/Scenes/MainScene.unity
  artifactKey: Guid(7759de288f5d4ee449a0ca5e2244944a) Importer(815301076,1909f56bfc062723c751e8b465ee728b)
Start importing Assets/Scenes/MainScene.unity using Guid(7759de288f5d4ee449a0ca5e2244944a) Importer(815301076,1909f56bfc062723c751e8b465ee728b)  -> (artifact id: 'be39381e6fd646c285f287db179e97f6') in 0.019354 seconds 
  Import took 0.022059 seconds .

========================================================================
Received Import Request.
  Time since last request: 18.351603 seconds.
  path: Assets/Standard Assets/machineGun.fbx
  artifactKey: Guid(3b63e4255f58a4442bacf60d5cef5e71) Importer(815301076,1909f56bfc062723c751e8b465ee728b)
Start importing Assets/Standard Assets/machineGun.fbx using Guid(3b63e4255f58a4442bacf60d5cef5e71) Importer(815301076,1909f56bfc062723c751e8b465ee728b)  -> (artifact id: 'e7f2284c47fc677253c07d05377b9064') in 0.122551 seconds 
  Import took 0.125510 seconds .

========================================================================
Received Import Request.
  Time since last request: 4.937026 seconds.
  path: Assets/C#Script/SceneChange
  artifactKey: Guid(a9ab3b3ebc4ffb14aac34b7e9fef6767) Importer(815301076,1909f56bfc062723c751e8b465ee728b)
Start importing Assets/C#Script/SceneChange using Guid(a9ab3b3ebc4ffb14aac34b7e9fef6767) Importer(815301076,1909f56bfc062723c751e8b465ee728b)  -> (artifact id: 'cf44b77bfed2c81e10dd12a5380dd436') in 0.018299 seconds 
  Import took 0.021163 seconds .

========================================================================
Received Import Request.
  Time since last request: 3.035042 seconds.
  path: Assets/C#Script/SceneChange/ExitButton.cs
  artifactKey: Guid(f3ce11f064ff5044485a48041f8a48de) Importer(815301076,1909f56bfc062723c751e8b465ee728b)
Start importing Assets/C#Script/SceneChange/ExitButton.cs using Guid(f3ce11f064ff5044485a48041f8a48de) Importer(815301076,1909f56bfc062723c751e8b465ee728b)  -> (artifact id: 'd0579fa24a6d59fc07b22cb18225244d') in 0.024664 seconds 
  Import took 0.028675 seconds .

========================================================================
Received Import Request.
  Time since last request: 29.427554 seconds.
  path: Assets/C#Script/Gun/BulletManager.cs
  artifactKey: Guid(c452a9d8e299a7d42b2171b8d288842c) Importer(815301076,1909f56bfc062723c751e8b465ee728b)
Start importing Assets/C#Script/Gun/BulletManager.cs using Guid(c452a9d8e299a7d42b2171b8d288842c) Importer(815301076,1909f56bfc062723c751e8b465ee728b)  -> (artifact id: '8439cc7f1c02f84c663fbd270f0ed907') in 0.018218 seconds 
  Import took 0.021217 seconds .

========================================================================
Received Import Request.
  Time since last request: 0.000533 seconds.
  path: Assets/C#Script/Gun/BulletManager.cs
  artifactKey: Guid(c452a9d8e299a7d42b2171b8d288842c) Importer(815301076,1909f56bfc062723c751e8b465ee728b)
Start importing Assets/C#Script/Gun/BulletManager.cs using Guid(c452a9d8e299a7d42b2171b8d288842c) Importer(815301076,1909f56bfc062723c751e8b465ee728b)  -> (artifact id: '8439cc7f1c02f84c663fbd270f0ed907') in 0.014852 seconds 
  Import took 0.017794 seconds .

========================================================================
Received Import Request.
  Time since last request: 10.041362 seconds.
  path: Assets/C#Script/Gun/Aim.cs
  artifactKey: Guid(dfba1be3363919e4eab3b9f3f5b21bb7) Importer(815301076,1909f56bfc062723c751e8b465ee728b)
Start importing Assets/C#Script/Gun/Aim.cs using Guid(dfba1be3363919e4eab3b9f3f5b21bb7) Importer(815301076,1909f56bfc062723c751e8b465ee728b)  -> (artifact id: '1845fffb14fcc3abd14f3c2e01accea6') in 0.372844 seconds 
  Import took 0.375951 seconds .

========================================================================
Received Import Request.
  Time since last request: 24.457635 seconds.
  path: Assets/C#Script/Gun/Bullet.cs
  artifactKey: Guid(3b149d16b1ff55b4d990c40f664b0082) Importer(815301076,1909f56bfc062723c751e8b465ee728b)
Start importing Assets/C#Script/Gun/Bullet.cs using Guid(3b149d16b1ff55b4d990c40f664b0082) Importer(815301076,1909f56bfc062723c751e8b465ee728b)  -> (artifact id: '2fe113012fc81c0393bd629cd791cf39') in 0.018246 seconds 
  Import took 0.021088 seconds .

========================================================================
Received Import Request.
  Time since last request: 0.001044 seconds.
  path: Assets/C#Script/Gun/Bullet.cs
  artifactKey: Guid(3b149d16b1ff55b4d990c40f664b0082) Importer(815301076,1909f56bfc062723c751e8b465ee728b)
Start importing Assets/C#Script/Gun/Bullet.cs using Guid(3b149d16b1ff55b4d990c40f664b0082) Importer(815301076,1909f56bfc062723c751e8b465ee728b)  -> (artifact id: '2fe113012fc81c0393bd629cd791cf39') in 0.017361 seconds 
  Import took 0.022595 seconds .

========================================================================
Received Import Request.
  Time since last request: 19.345568 seconds.
  path: Assets/C#Script/SceneChange/KeyBoardCheck.cs
  artifactKey: Guid(ecefe1e8fede91d45ab0ea1f90251902) Importer(815301076,1909f56bfc062723c751e8b465ee728b)
Start importing Assets/C#Script/SceneChange/KeyBoardCheck.cs using Guid(ecefe1e8fede91d45ab0ea1f90251902) Importer(815301076,1909f56bfc062723c751e8b465ee728b)  -> (artifact id: 'deffcf10bd18ed2ca2008fa54797480a') in 0.018717 seconds 
  Import took 0.021247 seconds .

========================================================================
Received Import Request.
  Time since last request: 0.924883 seconds.
  path: Assets/C#Script/SceneChange/MissionComplete.cs
  artifactKey: Guid(70c7f25fa5074274b87e80badbd19efc) Importer(815301076,1909f56bfc062723c751e8b465ee728b)
Start importing Assets/C#Script/SceneChange/MissionComplete.cs using Guid(70c7f25fa5074274b87e80badbd19efc) Importer(815301076,1909f56bfc062723c751e8b465ee728b)  -> (artifact id: '44c465dff03c8a9266545a0017f7f074') in 0.019122 seconds 
  Import took 0.022369 seconds .

========================================================================
Received Import Request.
  Time since last request: 0.000398 seconds.
  path: Assets/C#Script/SceneChange/MissionComplete.cs
  artifactKey: Guid(70c7f25fa5074274b87e80badbd19efc) Importer(815301076,1909f56bfc062723c751e8b465ee728b)
Start importing Assets/C#Script/SceneChange/MissionComplete.cs using Guid(70c7f25fa5074274b87e80badbd19efc) Importer(815301076,1909f56bfc062723c751e8b465ee728b)  -> (artifact id: '44c465dff03c8a9266545a0017f7f074') in 0.017878 seconds 
  Import took 0.021017 seconds .

========================================================================
Received Import Request.
  Time since last request: 0.575443 seconds.
  path: Assets/C#Script/SceneChange/PlayOrRePlayButton.cs
  artifactKey: Guid(6ac1f279056314b42810aeda4b138b08) Importer(815301076,1909f56bfc062723c751e8b465ee728b)
Start importing Assets/C#Script/SceneChange/PlayOrRePlayButton.cs using Guid(6ac1f279056314b42810aeda4b138b08) Importer(815301076,1909f56bfc062723c751e8b465ee728b)  -> (artifact id: 'd6c1f30959fa831035e7144da541510c') in 0.019712 seconds 
  Import took 0.022860 seconds .

========================================================================
Received Import Request.
  Time since last request: 11.117961 seconds.
  path: Assets/C#Script/Target/MobScript.cs
  artifactKey: Guid(f8e43eee1b575644993a71e8a5bf5fb4) Importer(815301076,1909f56bfc062723c751e8b465ee728b)
Start importing Assets/C#Script/Target/MobScript.cs using Guid(f8e43eee1b575644993a71e8a5bf5fb4) Importer(815301076,1909f56bfc062723c751e8b465ee728b)  -> (artifact id: '8669b302cb7ea188dd8a67d5a426b0c2') in 0.018345 seconds 
  Import took 0.021548 seconds .

========================================================================
Received Import Request.
  Time since last request: 8.982064 seconds.
  path: Assets/C#Script/UserInterFace/UserInterFace.cs
  artifactKey: Guid(307955433b423584293c13302c6a96b5) Importer(815301076,1909f56bfc062723c751e8b465ee728b)
Start importing Assets/C#Script/UserInterFace/UserInterFace.cs using Guid(307955433b423584293c13302c6a96b5) Importer(815301076,1909f56bfc062723c751e8b465ee728b)  -> (artifact id: 'df8425a626a095d429819f8b84cbb459') in 0.018723 seconds 
  Import took 0.021436 seconds .

========================================================================
Received Import Request.
  Time since last request: 0.002148 seconds.
  path: Assets/C#Script/UserInterFace/UserInterFace.cs
  artifactKey: Guid(307955433b423584293c13302c6a96b5) Importer(815301076,1909f56bfc062723c751e8b465ee728b)
Start importing Assets/C#Script/UserInterFace/UserInterFace.cs using Guid(307955433b423584293c13302c6a96b5) Importer(815301076,1909f56bfc062723c751e8b465ee728b)  -> (artifact id: 'df8425a626a095d429819f8b84cbb459') in 0.019481 seconds 
  Import took 0.022887 seconds .

========================================================================
Received Import Request.
  Time since last request: 22.860826 seconds.
  path: Assets/C#Script/UserInterFace/UserResultInterFace.cs
  artifactKey: Guid(ef4a57c964e5bdc42a910f37286cd93e) Importer(815301076,1909f56bfc062723c751e8b465ee728b)
Start importing Assets/C#Script/UserInterFace/UserResultInterFace.cs using Guid(ef4a57c964e5bdc42a910f37286cd93e) Importer(815301076,1909f56bfc062723c751e8b465ee728b)  -> (artifact id: '1a4f8deaf4382bd0014f90dfdee77a2f') in 0.018359 seconds 
  Import took 0.021051 seconds .

========================================================================
Received Prepare
Registering precompiled user dll's ...
Registered in 0.006508 seconds.
Begin MonoManager ReloadAssembly
Native extension for WindowsStandalone target not found
Refreshing native plugins compatible for Editor in 3.23 ms, found 2 plugins.
Preloading 0 native plugins for Editor in 0.00 ms.
Mono: successfully reloaded assembly
- Completed reload, in  1.739 seconds
Domain Reload Profiling:
	ReloadAssembly (1740ms)
		BeginReloadAssembly (218ms)
			ExecutionOrderSort (0ms)
			DisableScriptedObjects (5ms)
			BackupInstance (0ms)
			ReleaseScriptingObjects (0ms)
			CreateAndSetChildDomain (66ms)
		EndReloadAssembly (1397ms)
			LoadAssemblies (167ms)
			RebuildTransferFunctionScriptingTraits (0ms)
			SetupTypeCache (451ms)
			ReleaseScriptCaches (1ms)
			RebuildScriptCaches (89ms)
			SetupLoadedEditorAssemblies (546ms)
				LogAssemblyErrors (0ms)
				InitializePlatformSupportModulesInManaged (10ms)
				SetLoadedEditorAssemblies (1ms)
				RefreshPlugins (3ms)
				BeforeProcessingInitializeOnLoad (156ms)
				ProcessInitializeOnLoadAttributes (353ms)
				ProcessInitializeOnLoadMethodAttributes (5ms)
				AfterProcessingInitializeOnLoad (18ms)
				EditorAssembliesLoaded (0ms)
			ExecutionOrderSort2 (0ms)
			AwakeInstancesAfterBackupRestoration (8ms)
Platform modules already initialized, skipping
Refreshing native plugins compatible for Editor in 0.49 ms, found 2 plugins.
Preloading 0 native plugins for Editor in 0.00 ms.
Unloading 1450 Unused Serialized files (Serialized files now loaded: 0)
System memory in use before: 86.1 MB.
System memory in use after: 86.2 MB.

Unloading 13 unused Assets to reduce memory usage. Loaded Objects now: 1961.
Total: 2.845700 ms (FindLiveObjects: 0.229200 ms CreateObjectMapping: 0.067300 ms MarkObjects: 2.521400 ms  DeleteObjects: 0.026300 ms)

AssetImportParameters requested are different than current active one (requested -> active):
  custom:framework-win-MediaFoundation: 216162199b28c13a410421893ffa2e32 -> 
  custom:video-decoder-ogg-theora: a1e56fd34408186e4bbccfd4996cb3dc -> 
  custom:container-muxer-webm: aa71ff27fc2769a1b78a27578f13a17b -> 
  custom:container-demuxer-webm: 4f35f7cbe854078d1ac9338744f61a02 -> 
  custom:container-demuxer-ogg: 62fdf1f143b41e24485cea50d1cbac27 -> 
  custom:video-encoder-webm-vp8: eb34c28f22e8b96e1ab97ce403110664 -> 
  custom:video-decoder-webm-vp8: 9c59270c3fd7afecdb556c50c9e8de78 -> 
  custom:audio-decoder-ogg-vorbis: bf7c407c2cedff20999df2af8eb42d56 -> 
  custom:audio-encoder-webm-vorbis: bf7c407c2cedff20999df2af8eb42d56 -> 
AssetImportWorkerClient::OnTransportError - code=2 error=End of file
