Using pre-set license
Built from '2020.3/release' branch; Version is '2020.3.12f1 (b3b2c6512326) revision 11776710'; Using compiler version '192528614'; Build Type 'Release'
OS: 'Windows 10 Home; OS build 19042.1165; Version 2009; 64bit' Language: 'ko' Physical Memory: 8144 MB
BatchMode: 1, IsHumanControllingUs: 0, StartBugReporterOnCrash: 0, Is64bit: 1, IsPro: 0

 COMMAND LINE ARGUMENTS:
C:\Program Files\Unity\Hub\Editor\2020.3.12f1\Editor\Unity.exe
-adb2
-batchMode
-noUpm
-name
AssetImportWorker0
-projectPath
D:/PjtU/UniRun
-logFile
Logs/AssetImportWorker0.log
-srvPort
62026
Successfully changed project path to: D:/PjtU/UniRun
D:/PjtU/UniRun
Using Asset Import Pipeline V2.
Refreshing native plugins compatible for Editor in 58.07 ms, found 3 plugins.
Preloading 0 native plugins for Editor in 0.00 ms.
Initialize engine version: 2020.3.12f1 (b3b2c6512326)
[Subsystems] Discovering subsystems at path C:/Program Files/Unity/Hub/Editor/2020.3.12f1/Editor/Data/Resources/UnitySubsystems
[Subsystems] Discovering subsystems at path D:/PjtU/UniRun/Assets
GfxDevice: creating device client; threaded=0
Direct3D:
    Version:  Direct3D 11.0 [level 11.0]
    Renderer: NVIDIA GeForce GTX 750 Ti (ID=0x1380)
    Vendor:   
    VRAM:     2007 MB
    Driver:   27.21.14.5671
Initialize mono
Mono path[0] = 'C:/Program Files/Unity/Hub/Editor/2020.3.12f1/Editor/Data/Managed'
Mono path[1] = 'C:/Program Files/Unity/Hub/Editor/2020.3.12f1/Editor/Data/MonoBleedingEdge/lib/mono/unityjit'
Mono config path = 'C:/Program Files/Unity/Hub/Editor/2020.3.12f1/Editor/Data/MonoBleedingEdge/etc'
Using monoOptions --debugger-agent=transport=dt_socket,embedding=1,server=y,suspend=n,address=127.0.0.1:56352
Begin MonoManager ReloadAssembly
Registering precompiled unity dll's ...
Register platform support module: C:/Program Files/Unity/Hub/Editor/2020.3.12f1/Editor/Data/PlaybackEngines/WindowsStandaloneSupport/UnityEditor.WindowsStandalone.Extensions.dll
Registered in 0.006158 seconds.
Native extension for WindowsStandalone target not found
Refreshing native plugins compatible for Editor in 44.85 ms, found 3 plugins.
Preloading 0 native plugins for Editor in 0.00 ms.
Mono: successfully reloaded assembly
- Completed reload, in  3.609 seconds
Platform modules already initialized, skipping
Registering precompiled user dll's ...
Registered in 0.006895 seconds.
Begin MonoManager ReloadAssembly
Native extension for WindowsStandalone target not found
Refreshing native plugins compatible for Editor in 44.69 ms, found 3 plugins.
Preloading 0 native plugins for Editor in 0.00 ms.
Mono: successfully reloaded assembly
- Completed reload, in  1.351 seconds
Platform modules already initialized, skipping
========================================================================
Worker process is ready to serve import requests
Launched and connected shader compiler UnityShaderCompiler.exe after 0.06 seconds
Refreshing native plugins compatible for Editor in 0.65 ms, found 3 plugins.
Preloading 0 native plugins for Editor in 0.00 ms.
Unloading 2080 Unused Serialized files (Serialized files now loaded: 0)
System memory in use before: 95.4 MB.
System memory in use after: 95.3 MB.

Unloading 33 unused Assets to reduce memory usage. Loaded Objects now: 2513.
Total: 2.580700 ms (FindLiveObjects: 0.392300 ms CreateObjectMapping: 0.113700 ms MarkObjects: 1.902000 ms  DeleteObjects: 0.171900 ms)

AssetImportParameters requested are different than current active one (requested -> active):
  custom:framework-win-MediaFoundation: 216162199b28c13a410421893ffa2e32 -> 
  custom:video-decoder-ogg-theora: a1e56fd34408186e4bbccfd4996cb3dc -> 
  custom:container-muxer-webm: aa71ff27fc2769a1b78a27578f13a17b -> 
  custom:container-demuxer-webm: 4f35f7cbe854078d1ac9338744f61a02 -> 
  custom:container-demuxer-ogg: 62fdf1f143b41e24485cea50d1cbac27 -> 
  custom:video-encoder-webm-vp8: eb34c28f22e8b96e1ab97ce403110664 -> 
  custom:video-decoder-webm-vp8: 9c59270c3fd7afecdb556c50c9e8de78 -> 
  custom:audio-decoder-ogg-vorbis: bf7c407c2cedff20999df2af8eb42d56 -> 
  custom:audio-encoder-webm-vorbis: bf7c407c2cedff20999df2af8eb42d56 -> 
========================================================================
Received Import Request.
  path: Assets/Resources
  artifactKey: Guid(706f5026662853d4ab839557da05b8ff) Importer(815301076,1909f56bfc062723c751e8b465ee728b)
Start importing Assets/Resources using Guid(706f5026662853d4ab839557da05b8ff) Importer(815301076,1909f56bfc062723c751e8b465ee728b)  -> (artifact id: 'e575e4be775cee45aeb6095098a4fbbb') in 0.016358 seconds 
  Import took 0.021431 seconds .

========================================================================
Received Import Request.
  Time since last request: 48.987474 seconds.
  path: Assets/Resources/Sprites
  artifactKey: Guid(1d0cb5bcfc00faf4db8640c0861a77a0) Importer(815301076,1909f56bfc062723c751e8b465ee728b)
Start importing Assets/Resources/Sprites using Guid(1d0cb5bcfc00faf4db8640c0861a77a0) Importer(815301076,1909f56bfc062723c751e8b465ee728b)  -> (artifact id: '90becf0044e8a0ff721ea113cac643c8') in 0.018376 seconds 
  Import took 0.023558 seconds .

========================================================================
Received Import Request.
  Time since last request: 0.030924 seconds.
  path: Assets/Resources/Sprites/Obstacle.png
  artifactKey: Guid(15ea57546deba084f91b53091c4ee3e1) Importer(815301076,1909f56bfc062723c751e8b465ee728b)
Start importing Assets/Resources/Sprites/Obstacle.png using Guid(15ea57546deba084f91b53091c4ee3e1) Importer(815301076,1909f56bfc062723c751e8b465ee728b)  -> (artifact id: '2db9cabf783408fc8fcc43b53e0f09d3') in 0.213452 seconds 
  Import took 0.218969 seconds .

========================================================================
Received Import Request.
  Time since last request: 0.000340 seconds.
  path: Assets/Resources/Sprites/Toko_Run.png
  artifactKey: Guid(c5dda457b1960964192e1d57ae2e03a2) Importer(815301076,1909f56bfc062723c751e8b465ee728b)
Start importing Assets/Resources/Sprites/Toko_Run.png using Guid(c5dda457b1960964192e1d57ae2e03a2) Importer(815301076,1909f56bfc062723c751e8b465ee728b)  -> (artifact id: '95f065a68cda56858ffb08874e6d8fc8') in 0.033704 seconds 
  Import took 0.036909 seconds .

========================================================================
Received Import Request.
  Time since last request: 0.000429 seconds.
  path: Assets/Resources/Sprites/Sky.png
  artifactKey: Guid(08c2a46e7531d6a4fbd6bcb6ff77ca08) Importer(815301076,1909f56bfc062723c751e8b465ee728b)
Start importing Assets/Resources/Sprites/Sky.png using Guid(08c2a46e7531d6a4fbd6bcb6ff77ca08) Importer(815301076,1909f56bfc062723c751e8b465ee728b)  -> (artifact id: '02564268ea6d0f6bad63480dd8c31705') in 0.040382 seconds 
  Import took 0.043561 seconds .

========================================================================
Received Import Request.
  Time since last request: 0.000439 seconds.
  path: Assets/Resources/Sprites/Toko_Jump.png
  artifactKey: Guid(ee6c769a42956354a9aee8e29d56a7c5) Importer(815301076,1909f56bfc062723c751e8b465ee728b)
Start importing Assets/Resources/Sprites/Toko_Jump.png using Guid(ee6c769a42956354a9aee8e29d56a7c5) Importer(815301076,1909f56bfc062723c751e8b465ee728b)  -> (artifact id: 'db80119cfa2d5095a6c910a3ddfe66e3') in 0.032428 seconds 
  Import took 0.035570 seconds .

========================================================================
Received Import Request.
  Time since last request: 0.000310 seconds.
  path: Assets/Resources/Sprites/Platform_Long.png
  artifactKey: Guid(b4a233811fb1c2b40914687d8ac25cb1) Importer(815301076,1909f56bfc062723c751e8b465ee728b)
Start importing Assets/Resources/Sprites/Platform_Long.png using Guid(b4a233811fb1c2b40914687d8ac25cb1) Importer(815301076,1909f56bfc062723c751e8b465ee728b)  -> (artifact id: 'c3c08d00a556c68f59c379a00d56a962') in 0.030273 seconds 
  Import took 0.034518 seconds .

========================================================================
Received Import Request.
  Time since last request: 0.000232 seconds.
  path: Assets/Resources/Sprites/Platform.png
  artifactKey: Guid(88da8087dc715f343b8c90d62801ec3c) Importer(815301076,1909f56bfc062723c751e8b465ee728b)
Start importing Assets/Resources/Sprites/Platform.png using Guid(88da8087dc715f343b8c90d62801ec3c) Importer(815301076,1909f56bfc062723c751e8b465ee728b)  -> (artifact id: '2fdad276a7dfaa2d96da858a9149feba') in 0.031187 seconds 
  Import took 0.034486 seconds .

========================================================================
Received Import Request.
  Time since last request: 0.000315 seconds.
  path: Assets/Resources/Sprites/Toko_Die.png
  artifactKey: Guid(a7d91f24e9cb6ba40989b1f8c72be75b) Importer(815301076,1909f56bfc062723c751e8b465ee728b)
Start importing Assets/Resources/Sprites/Toko_Die.png using Guid(a7d91f24e9cb6ba40989b1f8c72be75b) Importer(815301076,1909f56bfc062723c751e8b465ee728b)  -> (artifact id: '6df9fb3228c0b59853591a6606d12991') in 0.030832 seconds 
  Import took 0.035346 seconds .

========================================================================
Received Import Request.
  Time since last request: 131.286425 seconds.
  path: Assets/Resources/Sprites/Toko_Die.png
  artifactKey: Guid(a7d91f24e9cb6ba40989b1f8c72be75b) Importer(815301076,1909f56bfc062723c751e8b465ee728b)
Start importing Assets/Resources/Sprites/Toko_Die.png using Guid(a7d91f24e9cb6ba40989b1f8c72be75b) Importer(815301076,1909f56bfc062723c751e8b465ee728b)  -> (artifact id: '8243818a5d28a9a65399679ce97ca319') in 0.028467 seconds 
  Import took 0.032779 seconds .

========================================================================
Received Import Request.
  Time since last request: 6.622777 seconds.
  path: Assets/Resources/Sprites/Toko_Jump.png
  artifactKey: Guid(ee6c769a42956354a9aee8e29d56a7c5) Importer(815301076,1909f56bfc062723c751e8b465ee728b)
Start importing Assets/Resources/Sprites/Toko_Jump.png using Guid(ee6c769a42956354a9aee8e29d56a7c5) Importer(815301076,1909f56bfc062723c751e8b465ee728b)  -> (artifact id: '7045306f592ad0f56f970cee044b4299') in 0.029731 seconds 
  Import took 0.034953 seconds .

========================================================================
Received Import Request.
  Time since last request: 4.764888 seconds.
  path: Assets/Resources/Sprites/Toko_Run.png
  artifactKey: Guid(c5dda457b1960964192e1d57ae2e03a2) Importer(815301076,1909f56bfc062723c751e8b465ee728b)
Start importing Assets/Resources/Sprites/Toko_Run.png using Guid(c5dda457b1960964192e1d57ae2e03a2) Importer(815301076,1909f56bfc062723c751e8b465ee728b)  -> (artifact id: 'cb10fcf48574740ee14ef2a9d63f3119') in 0.028558 seconds 
  Import took 0.032004 seconds .

========================================================================
Received Import Request.
  Time since last request: 0.004079 seconds.
  path: Assets/Resources/Sprites/Toko_Run.png
  artifactKey: Guid(c5dda457b1960964192e1d57ae2e03a2) Importer(815301076,1909f56bfc062723c751e8b465ee728b)
Start importing Assets/Resources/Sprites/Toko_Run.png using Guid(c5dda457b1960964192e1d57ae2e03a2) Importer(815301076,1909f56bfc062723c751e8b465ee728b)  -> (artifact id: 'cb10fcf48574740ee14ef2a9d63f3119') in 0.027624 seconds 
  Import took 0.031948 seconds .

========================================================================
Received Import Request.
  Time since last request: 155.128490 seconds.
  path: Assets/Resources/Sprites/Toko_Run.png
  artifactKey: Guid(c5dda457b1960964192e1d57ae2e03a2) Importer(815301076,1909f56bfc062723c751e8b465ee728b)
Start importing Assets/Resources/Sprites/Toko_Run.png using Guid(c5dda457b1960964192e1d57ae2e03a2) Importer(815301076,1909f56bfc062723c751e8b465ee728b)  -> (artifact id: 'db37e5eafad0b7eb4f1af355ae1c1816') in 0.031317 seconds 
  Import took 0.034780 seconds .

========================================================================
Received Import Request.
  Time since last request: 0.000412 seconds.
  path: Assets/Resources/Sprites/Toko_Die.png
  artifactKey: Guid(a7d91f24e9cb6ba40989b1f8c72be75b) Importer(815301076,1909f56bfc062723c751e8b465ee728b)
Start importing Assets/Resources/Sprites/Toko_Die.png using Guid(a7d91f24e9cb6ba40989b1f8c72be75b) Importer(815301076,1909f56bfc062723c751e8b465ee728b)  -> (artifact id: '9057b633db709d661225781807d8946b') in 0.031170 seconds 
  Import took 0.039649 seconds .

========================================================================
Received Import Request.
  Time since last request: 0.000431 seconds.
  path: Assets/Resources/Sprites/Toko_Jump.png
  artifactKey: Guid(ee6c769a42956354a9aee8e29d56a7c5) Importer(815301076,1909f56bfc062723c751e8b465ee728b)
Start importing Assets/Resources/Sprites/Toko_Jump.png using Guid(ee6c769a42956354a9aee8e29d56a7c5) Importer(815301076,1909f56bfc062723c751e8b465ee728b)  -> (artifact id: '912aa07c8d2cdafd75c87142d570ee86') in 0.029617 seconds 
  Import took 0.033418 seconds .

========================================================================
Received Import Request.
  Time since last request: 84.460010 seconds.
  path: Assets/Resources/Sprites/Toko_Die.png
  artifactKey: Guid(a7d91f24e9cb6ba40989b1f8c72be75b) Importer(815301076,1909f56bfc062723c751e8b465ee728b)
Start importing Assets/Resources/Sprites/Toko_Die.png using Guid(a7d91f24e9cb6ba40989b1f8c72be75b) Importer(815301076,1909f56bfc062723c751e8b465ee728b)  -> (artifact id: '18e483c037f0be0e2e45d78f4876d2ae') in 0.044753 seconds 
  Import took 0.050199 seconds .

========================================================================
Received Import Request.
  Time since last request: 21.265324 seconds.
  path: Assets/Resources/Sprites/Thumbs.db
  artifactKey: Guid(7ba3a1005b0457b4793caedae10da3b6) Importer(815301076,1909f56bfc062723c751e8b465ee728b)
Start importing Assets/Resources/Sprites/Thumbs.db using Guid(7ba3a1005b0457b4793caedae10da3b6) Importer(815301076,1909f56bfc062723c751e8b465ee728b)  -> (artifact id: '6bf35a1931b82a3d83346b3f04746c1b') in 0.022177 seconds 
  Import took 0.025721 seconds .

========================================================================
Received Import Request.
  Time since last request: 23.979672 seconds.
  path: Assets/Resources/Sprites/Toko_Jump.png
  artifactKey: Guid(ee6c769a42956354a9aee8e29d56a7c5) Importer(815301076,1909f56bfc062723c751e8b465ee728b)
Start importing Assets/Resources/Sprites/Toko_Jump.png using Guid(ee6c769a42956354a9aee8e29d56a7c5) Importer(815301076,1909f56bfc062723c751e8b465ee728b)  -> (artifact id: 'f6b585706dc34e71a5902baec4d9f4bf') in 0.048439 seconds 
  Import took 0.051976 seconds .

========================================================================
Received Import Request.
  Time since last request: 15.743663 seconds.
  path: Assets/Resources/Sprites/Toko_Run.png
  artifactKey: Guid(c5dda457b1960964192e1d57ae2e03a2) Importer(815301076,1909f56bfc062723c751e8b465ee728b)
Start importing Assets/Resources/Sprites/Toko_Run.png using Guid(c5dda457b1960964192e1d57ae2e03a2) Importer(815301076,1909f56bfc062723c751e8b465ee728b)  -> (artifact id: 'a65d34032b4c4ff6a711225867fe5992') in 0.048157 seconds 
  Import took 0.052496 seconds .

========================================================================
Received Import Request.
  Time since last request: 330.587606 seconds.
  path: Assets/Resources/Audio/die.wav
  artifactKey: Guid(82aabb15d1c28304db2965939031fa8a) Importer(815301076,1909f56bfc062723c751e8b465ee728b)
Start importing Assets/Resources/Audio/die.wav using Guid(82aabb15d1c28304db2965939031fa8a) Importer(815301076,1909f56bfc062723c751e8b465ee728b)  -> (artifact id: 'eaf5b4bbe913e3ce40b02af788792451') in 0.070391 seconds 
  Import took 0.074470 seconds .

========================================================================
Received Import Request.
  Time since last request: 0.000418 seconds.
  path: Assets/Resources/Audio/jump.wav
  artifactKey: Guid(9ea487b4ec1698e4b8618dcb2e43dedd) Importer(815301076,1909f56bfc062723c751e8b465ee728b)
Start importing Assets/Resources/Audio/jump.wav using Guid(9ea487b4ec1698e4b8618dcb2e43dedd) Importer(815301076,1909f56bfc062723c751e8b465ee728b)  -> (artifact id: '0beeb2d3e125db0c3c37a2171546d97e') in 0.029562 seconds 
  Import took 0.033399 seconds .

========================================================================
Received Import Request.
  Time since last request: 0.000389 seconds.
  path: Assets/Resources/Audio/music.wav
  artifactKey: Guid(69a95c28ed4b2094b9c878730b2eb78b) Importer(815301076,1909f56bfc062723c751e8b465ee728b)
Start importing Assets/Resources/Audio/music.wav using Guid(69a95c28ed4b2094b9c878730b2eb78b) Importer(815301076,1909f56bfc062723c751e8b465ee728b)  -> (artifact id: '746c3e2b28934bc28178d2702cca71b5') in 0.032675 seconds 
  Import took 0.037431 seconds .

========================================================================
Received Import Request.
  Time since last request: 9.622955 seconds.
  path: Assets/Resources/Animations
  artifactKey: Guid(b62545e3ceb4f9648ab1521d915c3651) Importer(815301076,1909f56bfc062723c751e8b465ee728b)
Start importing Assets/Resources/Animations using Guid(b62545e3ceb4f9648ab1521d915c3651) Importer(815301076,1909f56bfc062723c751e8b465ee728b)  -> (artifact id: '27528e203f3ee9ddcf8de9f85ab5d123') in 0.015638 seconds 
  Import took 0.019975 seconds .

========================================================================
Received Import Request.
  Time since last request: 24.024172 seconds.
  path: Assets/Resources/Animations/Run.anim
  artifactKey: Guid(4b8141ef5bc21fc49b930801b70b410e) Importer(815301076,1909f56bfc062723c751e8b465ee728b)
Start importing Assets/Resources/Animations/Run.anim using Guid(4b8141ef5bc21fc49b930801b70b410e) Importer(815301076,1909f56bfc062723c751e8b465ee728b)  -> (artifact id: '64f6d36a2dcd7179ac5175371c82141b') in 0.021520 seconds 
  Import took 0.025778 seconds .

========================================================================
Received Import Request.
  Time since last request: 2.921558 seconds.
  path: Assets/Resources/Animations/Toko.controller
  artifactKey: Guid(4247b23d7268eea4ab59b4054fd1f2eb) Importer(815301076,1909f56bfc062723c751e8b465ee728b)
Start importing Assets/Resources/Animations/Toko.controller using Guid(4247b23d7268eea4ab59b4054fd1f2eb) Importer(815301076,1909f56bfc062723c751e8b465ee728b)  -> (artifact id: '29a9db5fa14654568cc4ec467d7d2284') in 0.022867 seconds 
  Import took 0.026652 seconds .

========================================================================
Received Prepare
Registering precompiled user dll's ...
Registered in 0.009535 seconds.
Begin MonoManager ReloadAssembly
Native extension for WindowsStandalone target not found
Refreshing native plugins compatible for Editor in 0.43 ms, found 3 plugins.
Preloading 0 native plugins for Editor in 0.00 ms.
Mono: successfully reloaded assembly
- Completed reload, in  1.203 seconds
Platform modules already initialized, skipping
Refreshing native plugins compatible for Editor in 0.42 ms, found 3 plugins.
Preloading 0 native plugins for Editor in 0.00 ms.
Unloading 2075 Unused Serialized files (Serialized files now loaded: 0)
System memory in use before: 98.4 MB.
System memory in use after: 98.4 MB.

Unloading 21 unused Assets to reduce memory usage. Loaded Objects now: 2568.
Total: 2.473600 ms (FindLiveObjects: 0.179200 ms CreateObjectMapping: 0.076600 ms MarkObjects: 2.067600 ms  DeleteObjects: 0.149100 ms)

AssetImportParameters requested are different than current active one (requested -> active):
  custom:framework-win-MediaFoundation: 216162199b28c13a410421893ffa2e32 -> 
  custom:video-decoder-ogg-theora: a1e56fd34408186e4bbccfd4996cb3dc -> 
  custom:container-muxer-webm: aa71ff27fc2769a1b78a27578f13a17b -> 
  custom:container-demuxer-webm: 4f35f7cbe854078d1ac9338744f61a02 -> 
  custom:container-demuxer-ogg: 62fdf1f143b41e24485cea50d1cbac27 -> 
  custom:video-encoder-webm-vp8: eb34c28f22e8b96e1ab97ce403110664 -> 
  custom:video-decoder-webm-vp8: 9c59270c3fd7afecdb556c50c9e8de78 -> 
  custom:audio-decoder-ogg-vorbis: bf7c407c2cedff20999df2af8eb42d56 -> 
  custom:audio-encoder-webm-vorbis: bf7c407c2cedff20999df2af8eb42d56 -> 
========================================================================
Received Import Request.
  Time since last request: 714.550726 seconds.
  path: Assets/Resources/Animations/Die.anim
  artifactKey: Guid(d11fff915f69d104abd5ae963bf467d1) Importer(815301076,1909f56bfc062723c751e8b465ee728b)
Start importing Assets/Resources/Animations/Die.anim using Guid(d11fff915f69d104abd5ae963bf467d1) Importer(815301076,1909f56bfc062723c751e8b465ee728b)  -> (artifact id: 'ca7e84da90fd0a25cad9fb9905ceecaa') in 0.033391 seconds 
  Import took 0.037395 seconds .

========================================================================
Received Import Request.
  Time since last request: 2.692578 seconds.
  path: Assets/Resources/Animations/Jump.anim
  artifactKey: Guid(9c432fadd1eb1414ea3c79d2b38655ce) Importer(815301076,1909f56bfc062723c751e8b465ee728b)
Start importing Assets/Resources/Animations/Jump.anim using Guid(9c432fadd1eb1414ea3c79d2b38655ce) Importer(815301076,1909f56bfc062723c751e8b465ee728b)  -> (artifact id: '344f19b111e491be0da2d1ae3c545708') in 0.020079 seconds 
  Import took 0.023614 seconds .

========================================================================
Received Import Request.
  Time since last request: 621.594375 seconds.
  path: Assets/Resources/Scripts
  artifactKey: Guid(1cabf69bbf0f4a94cba84221ac1da879) Importer(815301076,1909f56bfc062723c751e8b465ee728b)
Start importing Assets/Resources/Scripts using Guid(1cabf69bbf0f4a94cba84221ac1da879) Importer(815301076,1909f56bfc062723c751e8b465ee728b)  -> (artifact id: 'cf0f6ebee3a8231be905356690401b48') in 0.015062 seconds 
  Import took 0.020476 seconds .

========================================================================
Received Prepare
Registering precompiled user dll's ...
Registered in 0.006978 seconds.
Begin MonoManager ReloadAssembly
Native extension for WindowsStandalone target not found
Refreshing native plugins compatible for Editor in 0.45 ms, found 3 plugins.
Preloading 0 native plugins for Editor in 0.00 ms.
Mono: successfully reloaded assembly
- Completed reload, in  1.214 seconds
Platform modules already initialized, skipping
Refreshing native plugins compatible for Editor in 0.43 ms, found 3 plugins.
Preloading 0 native plugins for Editor in 0.00 ms.
Unloading 2076 Unused Serialized files (Serialized files now loaded: 0)
System memory in use before: 98.5 MB.
System memory in use after: 98.5 MB.

Unloading 21 unused Assets to reduce memory usage. Loaded Objects now: 2573.
Total: 2.533500 ms (FindLiveObjects: 0.192400 ms CreateObjectMapping: 0.082200 ms MarkObjects: 2.027600 ms  DeleteObjects: 0.229900 ms)

AssetImportParameters requested are different than current active one (requested -> active):
  custom:framework-win-MediaFoundation: 216162199b28c13a410421893ffa2e32 -> 
  custom:video-decoder-ogg-theora: a1e56fd34408186e4bbccfd4996cb3dc -> 
  custom:container-muxer-webm: aa71ff27fc2769a1b78a27578f13a17b -> 
  custom:container-demuxer-webm: 4f35f7cbe854078d1ac9338744f61a02 -> 
  custom:container-demuxer-ogg: 62fdf1f143b41e24485cea50d1cbac27 -> 
  custom:video-encoder-webm-vp8: eb34c28f22e8b96e1ab97ce403110664 -> 
  custom:video-decoder-webm-vp8: 9c59270c3fd7afecdb556c50c9e8de78 -> 
  custom:audio-decoder-ogg-vorbis: bf7c407c2cedff20999df2af8eb42d56 -> 
  custom:audio-encoder-webm-vorbis: bf7c407c2cedff20999df2af8eb42d56 -> 
========================================================================
Received Import Request.
  Time since last request: 22.676617 seconds.
  path: Assets/Resources/Scripts/NewBehaviourScript.cs
  artifactKey: Guid(de9b20fe0e6091949bd4357975360f18) Importer(815301076,1909f56bfc062723c751e8b465ee728b)
Start importing Assets/Resources/Scripts/NewBehaviourScript.cs using Guid(de9b20fe0e6091949bd4357975360f18) Importer(815301076,1909f56bfc062723c751e8b465ee728b)  -> (artifact id: '416ae6aa7b8d7110463c03ce555da7f4') in 0.027180 seconds 
  Import took 0.030446 seconds .

========================================================================
Received Prepare
Registering precompiled user dll's ...
Registered in 0.006837 seconds.
Begin MonoManager ReloadAssembly
Native extension for WindowsStandalone target not found
Refreshing native plugins compatible for Editor in 0.46 ms, found 3 plugins.
Preloading 0 native plugins for Editor in 0.00 ms.
Mono: successfully reloaded assembly
- Completed reload, in  1.258 seconds
Platform modules already initialized, skipping
Refreshing native plugins compatible for Editor in 0.46 ms, found 3 plugins.
Preloading 0 native plugins for Editor in 0.00 ms.
Unloading 2075 Unused Serialized files (Serialized files now loaded: 0)
System memory in use before: 98.5 MB.
System memory in use after: 98.5 MB.

Unloading 22 unused Assets to reduce memory usage. Loaded Objects now: 2576.
Total: 2.416900 ms (FindLiveObjects: 0.186500 ms CreateObjectMapping: 0.080600 ms MarkObjects: 1.992600 ms  DeleteObjects: 0.156300 ms)

AssetImportParameters requested are different than current active one (requested -> active):
  custom:framework-win-MediaFoundation: 216162199b28c13a410421893ffa2e32 -> 
  custom:video-decoder-ogg-theora: a1e56fd34408186e4bbccfd4996cb3dc -> 
  custom:container-muxer-webm: aa71ff27fc2769a1b78a27578f13a17b -> 
  custom:container-demuxer-webm: 4f35f7cbe854078d1ac9338744f61a02 -> 
  custom:container-demuxer-ogg: 62fdf1f143b41e24485cea50d1cbac27 -> 
  custom:video-encoder-webm-vp8: eb34c28f22e8b96e1ab97ce403110664 -> 
  custom:video-decoder-webm-vp8: 9c59270c3fd7afecdb556c50c9e8de78 -> 
  custom:audio-decoder-ogg-vorbis: bf7c407c2cedff20999df2af8eb42d56 -> 
  custom:audio-encoder-webm-vorbis: bf7c407c2cedff20999df2af8eb42d56 -> 
========================================================================
Received Import Request.
  Time since last request: 17.581785 seconds.
  path: Assets/Resources/Scripts/PlayerController.cs
  artifactKey: Guid(10ca31946aec80c4ba976d0ed720209e) Importer(815301076,1909f56bfc062723c751e8b465ee728b)
Start importing Assets/Resources/Scripts/PlayerController.cs using Guid(10ca31946aec80c4ba976d0ed720209e) Importer(815301076,1909f56bfc062723c751e8b465ee728b)  -> (artifact id: '24ca89360bf59e5145f9e2639937e927') in 0.032674 seconds 
  Import took 0.037503 seconds .

========================================================================
Received Prepare
Registering precompiled user dll's ...
Registered in 0.006355 seconds.
Begin MonoManager ReloadAssembly
Native extension for WindowsStandalone target not found
Refreshing native plugins compatible for Editor in 0.54 ms, found 3 plugins.
Preloading 0 native plugins for Editor in 0.00 ms.
Mono: successfully reloaded assembly
- Completed reload, in  1.371 seconds
Platform modules already initialized, skipping
Refreshing native plugins compatible for Editor in 0.45 ms, found 3 plugins.
Preloading 0 native plugins for Editor in 0.00 ms.
Unloading 2076 Unused Serialized files (Serialized files now loaded: 0)
System memory in use before: 98.5 MB.
System memory in use after: 98.5 MB.

Unloading 21 unused Assets to reduce memory usage. Loaded Objects now: 2581.
Total: 2.435000 ms (FindLiveObjects: 0.205800 ms CreateObjectMapping: 0.085900 ms MarkObjects: 2.003800 ms  DeleteObjects: 0.138100 ms)

AssetImportParameters requested are different than current active one (requested -> active):
  custom:framework-win-MediaFoundation: 216162199b28c13a410421893ffa2e32 -> 
  custom:video-decoder-ogg-theora: a1e56fd34408186e4bbccfd4996cb3dc -> 
  custom:container-muxer-webm: aa71ff27fc2769a1b78a27578f13a17b -> 
  custom:container-demuxer-webm: 4f35f7cbe854078d1ac9338744f61a02 -> 
  custom:container-demuxer-ogg: 62fdf1f143b41e24485cea50d1cbac27 -> 
  custom:video-encoder-webm-vp8: eb34c28f22e8b96e1ab97ce403110664 -> 
  custom:video-decoder-webm-vp8: 9c59270c3fd7afecdb556c50c9e8de78 -> 
  custom:audio-decoder-ogg-vorbis: bf7c407c2cedff20999df2af8eb42d56 -> 
  custom:audio-encoder-webm-vorbis: bf7c407c2cedff20999df2af8eb42d56 -> 
========================================================================
Received Prepare
Registering precompiled user dll's ...
Registered in 0.010622 seconds.
Begin MonoManager ReloadAssembly
Native extension for WindowsStandalone target not found
Refreshing native plugins compatible for Editor in 0.43 ms, found 3 plugins.
Preloading 0 native plugins for Editor in 0.00 ms.
Mono: successfully reloaded assembly
- Completed reload, in  1.197 seconds
Platform modules already initialized, skipping
Refreshing native plugins compatible for Editor in 0.43 ms, found 3 plugins.
Preloading 0 native plugins for Editor in 0.00 ms.
Unloading 2076 Unused Serialized files (Serialized files now loaded: 0)
System memory in use before: 98.5 MB.
System memory in use after: 98.5 MB.

Unloading 21 unused Assets to reduce memory usage. Loaded Objects now: 2585.
Total: 2.496000 ms (FindLiveObjects: 0.190200 ms CreateObjectMapping: 0.078200 ms MarkObjects: 2.071300 ms  DeleteObjects: 0.155500 ms)

AssetImportParameters requested are different than current active one (requested -> active):
  custom:framework-win-MediaFoundation: 216162199b28c13a410421893ffa2e32 -> 
  custom:video-decoder-ogg-theora: a1e56fd34408186e4bbccfd4996cb3dc -> 
  custom:container-muxer-webm: aa71ff27fc2769a1b78a27578f13a17b -> 
  custom:container-demuxer-webm: 4f35f7cbe854078d1ac9338744f61a02 -> 
  custom:container-demuxer-ogg: 62fdf1f143b41e24485cea50d1cbac27 -> 
  custom:video-encoder-webm-vp8: eb34c28f22e8b96e1ab97ce403110664 -> 
  custom:video-decoder-webm-vp8: 9c59270c3fd7afecdb556c50c9e8de78 -> 
  custom:audio-decoder-ogg-vorbis: bf7c407c2cedff20999df2af8eb42d56 -> 
  custom:audio-encoder-webm-vorbis: bf7c407c2cedff20999df2af8eb42d56 -> 
========================================================================
Received Import Request.
  Time since last request: 547.777764 seconds.
  path: Assets/Resources/Animations/Toko.controller
  artifactKey: Guid(4247b23d7268eea4ab59b4054fd1f2eb) Importer(815301076,1909f56bfc062723c751e8b465ee728b)
Start importing Assets/Resources/Animations/Toko.controller using Guid(4247b23d7268eea4ab59b4054fd1f2eb) Importer(815301076,1909f56bfc062723c751e8b465ee728b)  -> (artifact id: '31a88bbe8f52e0c289378aaae29a7647') in 0.033580 seconds 
  Import took 0.037248 seconds .

========================================================================
Received Prepare
Registering precompiled user dll's ...
Registered in 0.006257 seconds.
Begin MonoManager ReloadAssembly
Native extension for WindowsStandalone target not found
Refreshing native plugins compatible for Editor in 0.44 ms, found 3 plugins.
Preloading 0 native plugins for Editor in 0.00 ms.
Mono: successfully reloaded assembly
- Completed reload, in  1.172 seconds
Platform modules already initialized, skipping
Refreshing native plugins compatible for Editor in 0.45 ms, found 3 plugins.
Preloading 0 native plugins for Editor in 0.00 ms.
Unloading 2076 Unused Serialized files (Serialized files now loaded: 0)
System memory in use before: 98.5 MB.
System memory in use after: 98.5 MB.

Unloading 21 unused Assets to reduce memory usage. Loaded Objects now: 2589.
Total: 2.635300 ms (FindLiveObjects: 0.218700 ms CreateObjectMapping: 0.265000 ms MarkObjects: 2.007000 ms  DeleteObjects: 0.143300 ms)

AssetImportParameters requested are different than current active one (requested -> active):
  custom:framework-win-MediaFoundation: 216162199b28c13a410421893ffa2e32 -> 
  custom:video-decoder-ogg-theora: a1e56fd34408186e4bbccfd4996cb3dc -> 
  custom:container-muxer-webm: aa71ff27fc2769a1b78a27578f13a17b -> 
  custom:container-demuxer-webm: 4f35f7cbe854078d1ac9338744f61a02 -> 
  custom:container-demuxer-ogg: 62fdf1f143b41e24485cea50d1cbac27 -> 
  custom:video-encoder-webm-vp8: eb34c28f22e8b96e1ab97ce403110664 -> 
  custom:video-decoder-webm-vp8: 9c59270c3fd7afecdb556c50c9e8de78 -> 
  custom:audio-decoder-ogg-vorbis: bf7c407c2cedff20999df2af8eb42d56 -> 
  custom:audio-encoder-webm-vorbis: bf7c407c2cedff20999df2af8eb42d56 -> 
========================================================================
Received Import Request.
  Time since last request: 133.802219 seconds.
  path: ProjectSettings/TagManager.asset
  artifactKey: Guid(00000000000000003000000000000000) Importer(815301076,1909f56bfc062723c751e8b465ee728b)
Start importing ProjectSettings/TagManager.asset using Guid(00000000000000003000000000000000) Importer(815301076,1909f56bfc062723c751e8b465ee728b)  -> (artifact id: '95df672b4aaba54310d34c83eef51bb8') in 0.036060 seconds 
  Import took 0.039449 seconds .

========================================================================
Received Import Request.
  Time since last request: 317.765039 seconds.
  path: Assets/Resources/Sprites/New Material.mat
  artifactKey: Guid(cbcc50a9e9d18a24e85df6c9aa42e2b2) Importer(815301076,1909f56bfc062723c751e8b465ee728b)
Start importing Assets/Resources/Sprites/New Material.mat using Guid(cbcc50a9e9d18a24e85df6c9aa42e2b2) Importer(815301076,1909f56bfc062723c751e8b465ee728b)  -> (artifact id: 'ee44689a25e81541ca713d0504838733') in 0.159852 seconds 
  Import took 0.163711 seconds .

========================================================================
Received Import Request.
  Time since last request: 12.330381 seconds.
  path: Assets/Resources/Materials
  artifactKey: Guid(3d8fe2326742f5641a1490065b9c1923) Importer(815301076,1909f56bfc062723c751e8b465ee728b)
Start importing Assets/Resources/Materials using Guid(3d8fe2326742f5641a1490065b9c1923) Importer(815301076,1909f56bfc062723c751e8b465ee728b)  -> (artifact id: '6fd2df08b07bf28057513c193974f42e') in 0.015987 seconds 
  Import took 0.019728 seconds .

========================================================================
Received Import Request.
  Time since last request: 14.860128 seconds.
  path: Assets/Resources/Materials/SkyMaterial.mat
  artifactKey: Guid(c14600c7a855e0d4bb6d8c6ef9f74190) Importer(815301076,1909f56bfc062723c751e8b465ee728b)
Start importing Assets/Resources/Materials/SkyMaterial.mat using Guid(c14600c7a855e0d4bb6d8c6ef9f74190) Importer(815301076,1909f56bfc062723c751e8b465ee728b)  -> (artifact id: '692efd4a9d26980c5a131bc91b7b2c1b') in 0.034625 seconds 
  Import took 0.038077 seconds .

========================================================================
Received Import Request.
  Time since last request: 200.116122 seconds.
  path: Assets/Resources/Sprites/Sky.png
  artifactKey: Guid(08c2a46e7531d6a4fbd6bcb6ff77ca08) Importer(815301076,1909f56bfc062723c751e8b465ee728b)
Start importing Assets/Resources/Sprites/Sky.png using Guid(08c2a46e7531d6a4fbd6bcb6ff77ca08) Importer(815301076,1909f56bfc062723c751e8b465ee728b)  -> (artifact id: '29816d64e17168f6e8320f7a629d68d3') in 0.050080 seconds 
  Import took 0.054178 seconds .

========================================================================
Received Import Request.
  Time since last request: 15.549459 seconds.
  path: Assets/Resources/Scripts/SpriteScroll.cs
  artifactKey: Guid(5f809f178113c07459973ce37d1c0d6f) Importer(815301076,1909f56bfc062723c751e8b465ee728b)
Start importing Assets/Resources/Scripts/SpriteScroll.cs using Guid(5f809f178113c07459973ce37d1c0d6f) Importer(815301076,1909f56bfc062723c751e8b465ee728b)  -> (artifact id: '4f6d8be7ec2a84b630e5f951f61a0a29') in 0.057368 seconds 
  Import took 0.063847 seconds .

========================================================================
Received Prepare
Registering precompiled user dll's ...
Registered in 0.006362 seconds.
Begin MonoManager ReloadAssembly
Native extension for WindowsStandalone target not found
Refreshing native plugins compatible for Editor in 0.43 ms, found 3 plugins.
Preloading 0 native plugins for Editor in 0.00 ms.
Mono: successfully reloaded assembly
- Completed reload, in  1.221 seconds
Platform modules already initialized, skipping
Refreshing native plugins compatible for Editor in 0.47 ms, found 3 plugins.
Preloading 0 native plugins for Editor in 0.00 ms.
Unloading 2077 Unused Serialized files (Serialized files now loaded: 0)
System memory in use before: 98.8 MB.
System memory in use after: 98.8 MB.

Unloading 22 unused Assets to reduce memory usage. Loaded Objects now: 2628.
Total: 2.736300 ms (FindLiveObjects: 0.188500 ms CreateObjectMapping: 0.076600 ms MarkObjects: 2.314900 ms  DeleteObjects: 0.154900 ms)

AssetImportParameters requested are different than current active one (requested -> active):
  custom:framework-win-MediaFoundation: 216162199b28c13a410421893ffa2e32 -> 
  custom:video-decoder-ogg-theora: a1e56fd34408186e4bbccfd4996cb3dc -> 
  custom:container-muxer-webm: aa71ff27fc2769a1b78a27578f13a17b -> 
  custom:container-demuxer-webm: 4f35f7cbe854078d1ac9338744f61a02 -> 
  custom:container-demuxer-ogg: 62fdf1f143b41e24485cea50d1cbac27 -> 
  custom:video-encoder-webm-vp8: eb34c28f22e8b96e1ab97ce403110664 -> 
  custom:video-decoder-webm-vp8: 9c59270c3fd7afecdb556c50c9e8de78 -> 
  custom:audio-decoder-ogg-vorbis: bf7c407c2cedff20999df2af8eb42d56 -> 
  custom:audio-encoder-webm-vorbis: bf7c407c2cedff20999df2af8eb42d56 -> 
========================================================================
Received Prepare
Registering precompiled user dll's ...
Registered in 0.006990 seconds.
Begin MonoManager ReloadAssembly
Native extension for WindowsStandalone target not found
Refreshing native plugins compatible for Editor in 0.46 ms, found 3 plugins.
Preloading 0 native plugins for Editor in 0.00 ms.
Mono: successfully reloaded assembly
- Completed reload, in  1.158 seconds
Platform modules already initialized, skipping
Refreshing native plugins compatible for Editor in 0.47 ms, found 3 plugins.
Preloading 0 native plugins for Editor in 0.00 ms.
Unloading 2077 Unused Serialized files (Serialized files now loaded: 0)
System memory in use before: 98.9 MB.
System memory in use after: 98.8 MB.

Unloading 21 unused Assets to reduce memory usage. Loaded Objects now: 2632.
Total: 2.494400 ms (FindLiveObjects: 0.182600 ms CreateObjectMapping: 0.069700 ms MarkObjects: 2.088800 ms  DeleteObjects: 0.152200 ms)

AssetImportParameters requested are different than current active one (requested -> active):
  custom:framework-win-MediaFoundation: 216162199b28c13a410421893ffa2e32 -> 
  custom:video-decoder-ogg-theora: a1e56fd34408186e4bbccfd4996cb3dc -> 
  custom:container-muxer-webm: aa71ff27fc2769a1b78a27578f13a17b -> 
  custom:container-demuxer-webm: 4f35f7cbe854078d1ac9338744f61a02 -> 
  custom:container-demuxer-ogg: 62fdf1f143b41e24485cea50d1cbac27 -> 
  custom:video-encoder-webm-vp8: eb34c28f22e8b96e1ab97ce403110664 -> 
  custom:video-decoder-webm-vp8: 9c59270c3fd7afecdb556c50c9e8de78 -> 
  custom:audio-decoder-ogg-vorbis: bf7c407c2cedff20999df2af8eb42d56 -> 
  custom:audio-encoder-webm-vorbis: bf7c407c2cedff20999df2af8eb42d56 -> 
========================================================================
Received Import Request.
  Time since last request: 257.383006 seconds.
  path: Assets/Resources/Scripts/SpriteScroll.cs
  artifactKey: Guid(5f809f178113c07459973ce37d1c0d6f) Importer(815301076,1909f56bfc062723c751e8b465ee728b)
Start importing Assets/Resources/Scripts/SpriteScroll.cs using Guid(5f809f178113c07459973ce37d1c0d6f) Importer(815301076,1909f56bfc062723c751e8b465ee728b)  -> (artifact id: 'df2d500d1efe790447d41ad0286cd16d') in 0.020081 seconds 
  Import took 0.023665 seconds .

========================================================================
Received Import Request.
  Time since last request: 0.003572 seconds.
  path: Assets/Resources/Scripts/SpriteScroll.cs
  artifactKey: Guid(5f809f178113c07459973ce37d1c0d6f) Importer(815301076,1909f56bfc062723c751e8b465ee728b)
Start importing Assets/Resources/Scripts/SpriteScroll.cs using Guid(5f809f178113c07459973ce37d1c0d6f) Importer(815301076,1909f56bfc062723c751e8b465ee728b)  -> (artifact id: 'df2d500d1efe790447d41ad0286cd16d') in 0.015209 seconds 
  Import took 0.018793 seconds .

========================================================================
Received Prepare
Registering precompiled user dll's ...
Registered in 0.006761 seconds.
Begin MonoManager ReloadAssembly
Native extension for WindowsStandalone target not found
Refreshing native plugins compatible for Editor in 0.49 ms, found 3 plugins.
Preloading 0 native plugins for Editor in 0.00 ms.
Mono: successfully reloaded assembly
- Completed reload, in  1.206 seconds
Platform modules already initialized, skipping
Refreshing native plugins compatible for Editor in 0.44 ms, found 3 plugins.
Preloading 0 native plugins for Editor in 0.00 ms.
Unloading 2077 Unused Serialized files (Serialized files now loaded: 0)
System memory in use before: 98.9 MB.
System memory in use after: 98.8 MB.

Unloading 21 unused Assets to reduce memory usage. Loaded Objects now: 2636.
Total: 2.523000 ms (FindLiveObjects: 0.198900 ms CreateObjectMapping: 0.077600 ms MarkObjects: 2.095900 ms  DeleteObjects: 0.149600 ms)

AssetImportParameters requested are different than current active one (requested -> active):
  custom:framework-win-MediaFoundation: 216162199b28c13a410421893ffa2e32 -> 
  custom:video-decoder-ogg-theora: a1e56fd34408186e4bbccfd4996cb3dc -> 
  custom:container-muxer-webm: aa71ff27fc2769a1b78a27578f13a17b -> 
  custom:container-demuxer-webm: 4f35f7cbe854078d1ac9338744f61a02 -> 
  custom:container-demuxer-ogg: 62fdf1f143b41e24485cea50d1cbac27 -> 
  custom:video-encoder-webm-vp8: eb34c28f22e8b96e1ab97ce403110664 -> 
  custom:video-decoder-webm-vp8: 9c59270c3fd7afecdb556c50c9e8de78 -> 
  custom:audio-decoder-ogg-vorbis: bf7c407c2cedff20999df2af8eb42d56 -> 
  custom:audio-encoder-webm-vorbis: bf7c407c2cedff20999df2af8eb42d56 -> 
========================================================================
Received Prepare
Registering precompiled user dll's ...
Registered in 0.006550 seconds.
Begin MonoManager ReloadAssembly
Native extension for WindowsStandalone target not found
Refreshing native plugins compatible for Editor in 0.46 ms, found 3 plugins.
Preloading 0 native plugins for Editor in 0.00 ms.
Mono: successfully reloaded assembly
- Completed reload, in  1.201 seconds
Platform modules already initialized, skipping
Refreshing native plugins compatible for Editor in 0.51 ms, found 3 plugins.
Preloading 0 native plugins for Editor in 0.00 ms.
Unloading 2077 Unused Serialized files (Serialized files now loaded: 0)
System memory in use before: 98.9 MB.
System memory in use after: 98.9 MB.

Unloading 21 unused Assets to reduce memory usage. Loaded Objects now: 2640.
Total: 2.447200 ms (FindLiveObjects: 0.219200 ms CreateObjectMapping: 0.089200 ms MarkObjects: 1.982400 ms  DeleteObjects: 0.155600 ms)

AssetImportParameters requested are different than current active one (requested -> active):
  custom:framework-win-MediaFoundation: 216162199b28c13a410421893ffa2e32 -> 
  custom:video-decoder-ogg-theora: a1e56fd34408186e4bbccfd4996cb3dc -> 
  custom:container-muxer-webm: aa71ff27fc2769a1b78a27578f13a17b -> 
  custom:container-demuxer-webm: 4f35f7cbe854078d1ac9338744f61a02 -> 
  custom:container-demuxer-ogg: 62fdf1f143b41e24485cea50d1cbac27 -> 
  custom:video-encoder-webm-vp8: eb34c28f22e8b96e1ab97ce403110664 -> 
  custom:video-decoder-webm-vp8: 9c59270c3fd7afecdb556c50c9e8de78 -> 
  custom:audio-decoder-ogg-vorbis: bf7c407c2cedff20999df2af8eb42d56 -> 
  custom:audio-encoder-webm-vorbis: bf7c407c2cedff20999df2af8eb42d56 -> 
========================================================================
Received Import Request.
  Time since last request: 57.422482 seconds.
  path: Assets/Resources/Sprites/Platform.png
  artifactKey: Guid(88da8087dc715f343b8c90d62801ec3c) Importer(815301076,1909f56bfc062723c751e8b465ee728b)
Start importing Assets/Resources/Sprites/Platform.png using Guid(88da8087dc715f343b8c90d62801ec3c) Importer(815301076,1909f56bfc062723c751e8b465ee728b)  -> (artifact id: 'b8f0e20ab6723f3fc39c659cc7afe9a8') in 0.083141 seconds 
  Import took 0.086729 seconds .

========================================================================
Received Import Request.
  Time since last request: 16.185042 seconds.
  path: Assets/Resources/Sprites/Platform_Long.png
  artifactKey: Guid(b4a233811fb1c2b40914687d8ac25cb1) Importer(815301076,1909f56bfc062723c751e8b465ee728b)
Start importing Assets/Resources/Sprites/Platform_Long.png using Guid(b4a233811fb1c2b40914687d8ac25cb1) Importer(815301076,1909f56bfc062723c751e8b465ee728b)  -> (artifact id: '567f36428c172cea4e5c3070395985e3') in 0.032928 seconds 
  Import took 0.036515 seconds .

========================================================================
Received Prepare
Registering precompiled user dll's ...
Registered in 0.006618 seconds.
Begin MonoManager ReloadAssembly
Native extension for WindowsStandalone target not found
Refreshing native plugins compatible for Editor in 0.44 ms, found 3 plugins.
Preloading 0 native plugins for Editor in 0.00 ms.
Mono: successfully reloaded assembly
- Completed reload, in  1.250 seconds
Platform modules already initialized, skipping
Refreshing native plugins compatible for Editor in 0.55 ms, found 3 plugins.
Preloading 0 native plugins for Editor in 0.00 ms.
Unloading 2077 Unused Serialized files (Serialized files now loaded: 0)
System memory in use before: 98.9 MB.
System memory in use after: 98.9 MB.

Unloading 21 unused Assets to reduce memory usage. Loaded Objects now: 2645.
Total: 2.810700 ms (FindLiveObjects: 0.242300 ms CreateObjectMapping: 0.107900 ms MarkObjects: 2.341800 ms  DeleteObjects: 0.117600 ms)

AssetImportParameters requested are different than current active one (requested -> active):
  custom:framework-win-MediaFoundation: 216162199b28c13a410421893ffa2e32 -> 
  custom:video-decoder-ogg-theora: a1e56fd34408186e4bbccfd4996cb3dc -> 
  custom:container-muxer-webm: aa71ff27fc2769a1b78a27578f13a17b -> 
  custom:container-demuxer-webm: 4f35f7cbe854078d1ac9338744f61a02 -> 
  custom:container-demuxer-ogg: 62fdf1f143b41e24485cea50d1cbac27 -> 
  custom:video-encoder-webm-vp8: eb34c28f22e8b96e1ab97ce403110664 -> 
  custom:video-decoder-webm-vp8: 9c59270c3fd7afecdb556c50c9e8de78 -> 
  custom:audio-decoder-ogg-vorbis: bf7c407c2cedff20999df2af8eb42d56 -> 
  custom:audio-encoder-webm-vorbis: bf7c407c2cedff20999df2af8eb42d56 -> 
========================================================================
Received Prepare
Registering precompiled user dll's ...
Registered in 0.006810 seconds.
Begin MonoManager ReloadAssembly
Native extension for WindowsStandalone target not found
Refreshing native plugins compatible for Editor in 0.45 ms, found 3 plugins.
Preloading 0 native plugins for Editor in 0.00 ms.
Mono: successfully reloaded assembly
- Completed reload, in  1.211 seconds
Platform modules already initialized, skipping
Refreshing native plugins compatible for Editor in 0.46 ms, found 3 plugins.
Preloading 0 native plugins for Editor in 0.00 ms.
Unloading 2077 Unused Serialized files (Serialized files now loaded: 0)
System memory in use before: 98.9 MB.
System memory in use after: 98.9 MB.

Unloading 21 unused Assets to reduce memory usage. Loaded Objects now: 2649.
Total: 2.439300 ms (FindLiveObjects: 0.197800 ms CreateObjectMapping: 0.082400 ms MarkObjects: 2.028200 ms  DeleteObjects: 0.129800 ms)

AssetImportParameters requested are different than current active one (requested -> active):
  custom:framework-win-MediaFoundation: 216162199b28c13a410421893ffa2e32 -> 
  custom:video-decoder-ogg-theora: a1e56fd34408186e4bbccfd4996cb3dc -> 
  custom:container-muxer-webm: aa71ff27fc2769a1b78a27578f13a17b -> 
  custom:container-demuxer-webm: 4f35f7cbe854078d1ac9338744f61a02 -> 
  custom:container-demuxer-ogg: 62fdf1f143b41e24485cea50d1cbac27 -> 
  custom:video-encoder-webm-vp8: eb34c28f22e8b96e1ab97ce403110664 -> 
  custom:video-decoder-webm-vp8: 9c59270c3fd7afecdb556c50c9e8de78 -> 
  custom:audio-decoder-ogg-vorbis: bf7c407c2cedff20999df2af8eb42d56 -> 
  custom:audio-encoder-webm-vorbis: bf7c407c2cedff20999df2af8eb42d56 -> 
========================================================================
Received Prepare
Registering precompiled user dll's ...
Registered in 0.008879 seconds.
Begin MonoManager ReloadAssembly
Native extension for WindowsStandalone target not found
Refreshing native plugins compatible for Editor in 0.46 ms, found 3 plugins.
Preloading 0 native plugins for Editor in 0.00 ms.
Mono: successfully reloaded assembly
- Completed reload, in  1.167 seconds
Platform modules already initialized, skipping
Refreshing native plugins compatible for Editor in 0.44 ms, found 3 plugins.
Preloading 0 native plugins for Editor in 0.00 ms.
Unloading 2077 Unused Serialized files (Serialized files now loaded: 0)
System memory in use before: 98.9 MB.
System memory in use after: 98.9 MB.

Unloading 21 unused Assets to reduce memory usage. Loaded Objects now: 2653.
Total: 2.555000 ms (FindLiveObjects: 0.211600 ms CreateObjectMapping: 0.082800 ms MarkObjects: 2.108800 ms  DeleteObjects: 0.150700 ms)

AssetImportParameters requested are different than current active one (requested -> active):
  custom:framework-win-MediaFoundation: 216162199b28c13a410421893ffa2e32 -> 
  custom:video-decoder-ogg-theora: a1e56fd34408186e4bbccfd4996cb3dc -> 
  custom:container-muxer-webm: aa71ff27fc2769a1b78a27578f13a17b -> 
  custom:container-demuxer-webm: 4f35f7cbe854078d1ac9338744f61a02 -> 
  custom:container-demuxer-ogg: 62fdf1f143b41e24485cea50d1cbac27 -> 
  custom:video-encoder-webm-vp8: eb34c28f22e8b96e1ab97ce403110664 -> 
  custom:video-decoder-webm-vp8: 9c59270c3fd7afecdb556c50c9e8de78 -> 
  custom:audio-decoder-ogg-vorbis: bf7c407c2cedff20999df2af8eb42d56 -> 
  custom:audio-encoder-webm-vorbis: bf7c407c2cedff20999df2af8eb42d56 -> 
========================================================================
Received Prepare
Registering precompiled user dll's ...
Registered in 0.006948 seconds.
Begin MonoManager ReloadAssembly
Native extension for WindowsStandalone target not found
Refreshing native plugins compatible for Editor in 0.45 ms, found 3 plugins.
Preloading 0 native plugins for Editor in 0.00 ms.
Mono: successfully reloaded assembly
- Completed reload, in  1.191 seconds
Platform modules already initialized, skipping
Refreshing native plugins compatible for Editor in 0.44 ms, found 3 plugins.
Preloading 0 native plugins for Editor in 0.00 ms.
Unloading 2077 Unused Serialized files (Serialized files now loaded: 0)
System memory in use before: 98.9 MB.
System memory in use after: 98.9 MB.

Unloading 21 unused Assets to reduce memory usage. Loaded Objects now: 2657.
Total: 2.472000 ms (FindLiveObjects: 0.206500 ms CreateObjectMapping: 0.090700 ms MarkObjects: 2.035400 ms  DeleteObjects: 0.138600 ms)

AssetImportParameters requested are different than current active one (requested -> active):
  custom:framework-win-MediaFoundation: 216162199b28c13a410421893ffa2e32 -> 
  custom:video-decoder-ogg-theora: a1e56fd34408186e4bbccfd4996cb3dc -> 
  custom:container-muxer-webm: aa71ff27fc2769a1b78a27578f13a17b -> 
  custom:container-demuxer-webm: 4f35f7cbe854078d1ac9338744f61a02 -> 
  custom:container-demuxer-ogg: 62fdf1f143b41e24485cea50d1cbac27 -> 
  custom:video-encoder-webm-vp8: eb34c28f22e8b96e1ab97ce403110664 -> 
  custom:video-decoder-webm-vp8: 9c59270c3fd7afecdb556c50c9e8de78 -> 
  custom:audio-decoder-ogg-vorbis: bf7c407c2cedff20999df2af8eb42d56 -> 
  custom:audio-encoder-webm-vorbis: bf7c407c2cedff20999df2af8eb42d56 -> 
========================================================================
Received Prepare
Registering precompiled user dll's ...
Registered in 0.006842 seconds.
Begin MonoManager ReloadAssembly
Native extension for WindowsStandalone target not found
Refreshing native plugins compatible for Editor in 0.45 ms, found 3 plugins.
Preloading 0 native plugins for Editor in 0.00 ms.
Mono: successfully reloaded assembly
- Completed reload, in  1.187 seconds
Platform modules already initialized, skipping
Refreshing native plugins compatible for Editor in 0.44 ms, found 3 plugins.
Preloading 0 native plugins for Editor in 0.00 ms.
Unloading 2077 Unused Serialized files (Serialized files now loaded: 0)
System memory in use before: 98.9 MB.
System memory in use after: 98.9 MB.

Unloading 21 unused Assets to reduce memory usage. Loaded Objects now: 2661.
Total: 2.338400 ms (FindLiveObjects: 0.186700 ms CreateObjectMapping: 0.071600 ms MarkObjects: 1.948100 ms  DeleteObjects: 0.131000 ms)

AssetImportParameters requested are different than current active one (requested -> active):
  custom:framework-win-MediaFoundation: 216162199b28c13a410421893ffa2e32 -> 
  custom:video-decoder-ogg-theora: a1e56fd34408186e4bbccfd4996cb3dc -> 
  custom:container-muxer-webm: aa71ff27fc2769a1b78a27578f13a17b -> 
  custom:container-demuxer-webm: 4f35f7cbe854078d1ac9338744f61a02 -> 
  custom:container-demuxer-ogg: 62fdf1f143b41e24485cea50d1cbac27 -> 
  custom:video-encoder-webm-vp8: eb34c28f22e8b96e1ab97ce403110664 -> 
  custom:video-decoder-webm-vp8: 9c59270c3fd7afecdb556c50c9e8de78 -> 
  custom:audio-decoder-ogg-vorbis: bf7c407c2cedff20999df2af8eb42d56 -> 
  custom:audio-encoder-webm-vorbis: bf7c407c2cedff20999df2af8eb42d56 -> 
========================================================================
Received Prepare
Registering precompiled user dll's ...
Registered in 0.006767 seconds.
Begin MonoManager ReloadAssembly
Native extension for WindowsStandalone target not found
Refreshing native plugins compatible for Editor in 0.46 ms, found 3 plugins.
Preloading 0 native plugins for Editor in 0.00 ms.
Mono: successfully reloaded assembly
- Completed reload, in  1.200 seconds
Platform modules already initialized, skipping
Refreshing native plugins compatible for Editor in 0.44 ms, found 3 plugins.
Preloading 0 native plugins for Editor in 0.00 ms.
Unloading 2077 Unused Serialized files (Serialized files now loaded: 0)
System memory in use before: 98.9 MB.
System memory in use after: 98.9 MB.

Unloading 21 unused Assets to reduce memory usage. Loaded Objects now: 2665.
Total: 2.510300 ms (FindLiveObjects: 0.198000 ms CreateObjectMapping: 0.081700 ms MarkObjects: 2.095500 ms  DeleteObjects: 0.134100 ms)

AssetImportParameters requested are different than current active one (requested -> active):
  custom:framework-win-MediaFoundation: 216162199b28c13a410421893ffa2e32 -> 
  custom:video-decoder-ogg-theora: a1e56fd34408186e4bbccfd4996cb3dc -> 
  custom:container-muxer-webm: aa71ff27fc2769a1b78a27578f13a17b -> 
  custom:container-demuxer-webm: 4f35f7cbe854078d1ac9338744f61a02 -> 
  custom:container-demuxer-ogg: 62fdf1f143b41e24485cea50d1cbac27 -> 
  custom:video-encoder-webm-vp8: eb34c28f22e8b96e1ab97ce403110664 -> 
  custom:video-decoder-webm-vp8: 9c59270c3fd7afecdb556c50c9e8de78 -> 
  custom:audio-decoder-ogg-vorbis: bf7c407c2cedff20999df2af8eb42d56 -> 
  custom:audio-encoder-webm-vorbis: bf7c407c2cedff20999df2af8eb42d56 -> 
========================================================================
Received Prepare
Registering precompiled user dll's ...
Registered in 0.006667 seconds.
Begin MonoManager ReloadAssembly
Native extension for WindowsStandalone target not found
Refreshing native plugins compatible for Editor in 0.46 ms, found 3 plugins.
Preloading 0 native plugins for Editor in 0.00 ms.
Mono: successfully reloaded assembly
- Completed reload, in  1.193 seconds
Platform modules already initialized, skipping
Refreshing native plugins compatible for Editor in 0.49 ms, found 3 plugins.
Preloading 0 native plugins for Editor in 0.00 ms.
Unloading 2077 Unused Serialized files (Serialized files now loaded: 0)
System memory in use before: 98.9 MB.
System memory in use after: 98.9 MB.

Unloading 21 unused Assets to reduce memory usage. Loaded Objects now: 2669.
Total: 2.345200 ms (FindLiveObjects: 0.214600 ms CreateObjectMapping: 0.082400 ms MarkObjects: 1.903300 ms  DeleteObjects: 0.143900 ms)

AssetImportParameters requested are different than current active one (requested -> active):
  custom:framework-win-MediaFoundation: 216162199b28c13a410421893ffa2e32 -> 
  custom:video-decoder-ogg-theora: a1e56fd34408186e4bbccfd4996cb3dc -> 
  custom:container-muxer-webm: aa71ff27fc2769a1b78a27578f13a17b -> 
  custom:container-demuxer-webm: 4f35f7cbe854078d1ac9338744f61a02 -> 
  custom:container-demuxer-ogg: 62fdf1f143b41e24485cea50d1cbac27 -> 
  custom:video-encoder-webm-vp8: eb34c28f22e8b96e1ab97ce403110664 -> 
  custom:video-decoder-webm-vp8: 9c59270c3fd7afecdb556c50c9e8de78 -> 
  custom:audio-decoder-ogg-vorbis: bf7c407c2cedff20999df2af8eb42d56 -> 
  custom:audio-encoder-webm-vorbis: bf7c407c2cedff20999df2af8eb42d56 -> 
========================================================================
Received Prepare
Registering precompiled user dll's ...
Registered in 0.007135 seconds.
Begin MonoManager ReloadAssembly
Native extension for WindowsStandalone target not found
Refreshing native plugins compatible for Editor in 0.47 ms, found 3 plugins.
Preloading 0 native plugins for Editor in 0.00 ms.
Mono: successfully reloaded assembly
- Completed reload, in  1.652 seconds
Platform modules already initialized, skipping
Refreshing native plugins compatible for Editor in 0.49 ms, found 3 plugins.
Preloading 0 native plugins for Editor in 0.00 ms.
Unloading 2078 Unused Serialized files (Serialized files now loaded: 0)
System memory in use before: 99.0 MB.
System memory in use after: 98.9 MB.

Unloading 21 unused Assets to reduce memory usage. Loaded Objects now: 2674.
Total: 2.552200 ms (FindLiveObjects: 0.412900 ms CreateObjectMapping: 0.101300 ms MarkObjects: 1.926000 ms  DeleteObjects: 0.111000 ms)

AssetImportParameters requested are different than current active one (requested -> active):
  custom:framework-win-MediaFoundation: 216162199b28c13a410421893ffa2e32 -> 
  custom:video-decoder-ogg-theora: a1e56fd34408186e4bbccfd4996cb3dc -> 
  custom:container-muxer-webm: aa71ff27fc2769a1b78a27578f13a17b -> 
  custom:container-demuxer-webm: 4f35f7cbe854078d1ac9338744f61a02 -> 
  custom:container-demuxer-ogg: 62fdf1f143b41e24485cea50d1cbac27 -> 
  custom:video-encoder-webm-vp8: eb34c28f22e8b96e1ab97ce403110664 -> 
  custom:video-decoder-webm-vp8: 9c59270c3fd7afecdb556c50c9e8de78 -> 
  custom:audio-decoder-ogg-vorbis: bf7c407c2cedff20999df2af8eb42d56 -> 
  custom:audio-encoder-webm-vorbis: bf7c407c2cedff20999df2af8eb42d56 -> 
========================================================================
Received Import Request.
  Time since last request: 1195.923029 seconds.
  path: Assets/Resources/Scripts/GameMgr.cs
  artifactKey: Guid(ed145d004fc11034da8c7519a8f47880) Importer(815301076,1909f56bfc062723c751e8b465ee728b)
Start importing Assets/Resources/Scripts/GameMgr.cs using Guid(ed145d004fc11034da8c7519a8f47880) Importer(815301076,1909f56bfc062723c751e8b465ee728b)  -> (artifact id: '9b69a7b49c854c9bf07737a69dc8f691') in 0.019582 seconds 
  Import took 0.024277 seconds .

========================================================================
Received Prepare
Registering precompiled user dll's ...
Registered in 0.006487 seconds.
Begin MonoManager ReloadAssembly
Native extension for WindowsStandalone target not found
Refreshing native plugins compatible for Editor in 0.50 ms, found 3 plugins.
Preloading 0 native plugins for Editor in 0.00 ms.
Mono: successfully reloaded assembly
- Completed reload, in  1.354 seconds
Platform modules already initialized, skipping
Refreshing native plugins compatible for Editor in 0.50 ms, found 3 plugins.
Preloading 0 native plugins for Editor in 0.00 ms.
Unloading 2078 Unused Serialized files (Serialized files now loaded: 0)
System memory in use before: 99.0 MB.
System memory in use after: 99.0 MB.

Unloading 21 unused Assets to reduce memory usage. Loaded Objects now: 2678.
Total: 3.873100 ms (FindLiveObjects: 0.212200 ms CreateObjectMapping: 0.080200 ms MarkObjects: 3.033900 ms  DeleteObjects: 0.545300 ms)

AssetImportParameters requested are different than current active one (requested -> active):
  custom:framework-win-MediaFoundation: 216162199b28c13a410421893ffa2e32 -> 
  custom:video-decoder-ogg-theora: a1e56fd34408186e4bbccfd4996cb3dc -> 
  custom:container-muxer-webm: aa71ff27fc2769a1b78a27578f13a17b -> 
  custom:container-demuxer-webm: 4f35f7cbe854078d1ac9338744f61a02 -> 
  custom:container-demuxer-ogg: 62fdf1f143b41e24485cea50d1cbac27 -> 
  custom:video-encoder-webm-vp8: eb34c28f22e8b96e1ab97ce403110664 -> 
  custom:video-decoder-webm-vp8: 9c59270c3fd7afecdb556c50c9e8de78 -> 
  custom:audio-decoder-ogg-vorbis: bf7c407c2cedff20999df2af8eb42d56 -> 
  custom:audio-encoder-webm-vorbis: bf7c407c2cedff20999df2af8eb42d56 -> 
========================================================================
Received Prepare
Registering precompiled user dll's ...
Registered in 0.007379 seconds.
Begin MonoManager ReloadAssembly
Native extension for WindowsStandalone target not found
Refreshing native plugins compatible for Editor in 0.43 ms, found 3 plugins.
Preloading 0 native plugins for Editor in 0.00 ms.
Mono: successfully reloaded assembly
- Completed reload, in  1.267 seconds
Platform modules already initialized, skipping
Refreshing native plugins compatible for Editor in 0.46 ms, found 3 plugins.
Preloading 0 native plugins for Editor in 0.00 ms.
Unloading 2078 Unused Serialized files (Serialized files now loaded: 0)
System memory in use before: 99.0 MB.
System memory in use after: 99.0 MB.

Unloading 21 unused Assets to reduce memory usage. Loaded Objects now: 2682.
Total: 2.416800 ms (FindLiveObjects: 0.272000 ms CreateObjectMapping: 0.110900 ms MarkObjects: 1.900800 ms  DeleteObjects: 0.131900 ms)

AssetImportParameters requested are different than current active one (requested -> active):
  custom:framework-win-MediaFoundation: 216162199b28c13a410421893ffa2e32 -> 
  custom:video-decoder-ogg-theora: a1e56fd34408186e4bbccfd4996cb3dc -> 
  custom:container-muxer-webm: aa71ff27fc2769a1b78a27578f13a17b -> 
  custom:container-demuxer-webm: 4f35f7cbe854078d1ac9338744f61a02 -> 
  custom:container-demuxer-ogg: 62fdf1f143b41e24485cea50d1cbac27 -> 
  custom:video-encoder-webm-vp8: eb34c28f22e8b96e1ab97ce403110664 -> 
  custom:video-decoder-webm-vp8: 9c59270c3fd7afecdb556c50c9e8de78 -> 
  custom:audio-decoder-ogg-vorbis: bf7c407c2cedff20999df2af8eb42d56 -> 
  custom:audio-encoder-webm-vorbis: bf7c407c2cedff20999df2af8eb42d56 -> 
========================================================================
Received Prepare
Registering precompiled user dll's ...
Registered in 0.007915 seconds.
Begin MonoManager ReloadAssembly
Native extension for WindowsStandalone target not found
Refreshing native plugins compatible for Editor in 0.58 ms, found 3 plugins.
Preloading 0 native plugins for Editor in 0.00 ms.
Mono: successfully reloaded assembly
- Completed reload, in  1.240 seconds
Platform modules already initialized, skipping
Refreshing native plugins compatible for Editor in 0.48 ms, found 3 plugins.
Preloading 0 native plugins for Editor in 0.00 ms.
Unloading 2078 Unused Serialized files (Serialized files now loaded: 0)
System memory in use before: 99.0 MB.
System memory in use after: 99.0 MB.

Unloading 21 unused Assets to reduce memory usage. Loaded Objects now: 2686.
Total: 2.772300 ms (FindLiveObjects: 0.217800 ms CreateObjectMapping: 0.085800 ms MarkObjects: 2.220400 ms  DeleteObjects: 0.247300 ms)

AssetImportParameters requested are different than current active one (requested -> active):
  custom:framework-win-MediaFoundation: 216162199b28c13a410421893ffa2e32 -> 
  custom:video-decoder-ogg-theora: a1e56fd34408186e4bbccfd4996cb3dc -> 
  custom:container-muxer-webm: aa71ff27fc2769a1b78a27578f13a17b -> 
  custom:container-demuxer-webm: 4f35f7cbe854078d1ac9338744f61a02 -> 
  custom:container-demuxer-ogg: 62fdf1f143b41e24485cea50d1cbac27 -> 
  custom:video-encoder-webm-vp8: eb34c28f22e8b96e1ab97ce403110664 -> 
  custom:video-decoder-webm-vp8: 9c59270c3fd7afecdb556c50c9e8de78 -> 
  custom:audio-decoder-ogg-vorbis: bf7c407c2cedff20999df2af8eb42d56 -> 
  custom:audio-encoder-webm-vorbis: bf7c407c2cedff20999df2af8eb42d56 -> 
========================================================================
Received Prepare
Registering precompiled user dll's ...
Registered in 0.007020 seconds.
Begin MonoManager ReloadAssembly
Native extension for WindowsStandalone target not found
Refreshing native plugins compatible for Editor in 0.72 ms, found 3 plugins.
Preloading 0 native plugins for Editor in 0.00 ms.
Mono: successfully reloaded assembly
- Completed reload, in  1.198 seconds
Platform modules already initialized, skipping
Refreshing native plugins compatible for Editor in 0.44 ms, found 3 plugins.
Preloading 0 native plugins for Editor in 0.00 ms.
Unloading 2078 Unused Serialized files (Serialized files now loaded: 0)
System memory in use before: 99.0 MB.
System memory in use after: 99.0 MB.

Unloading 21 unused Assets to reduce memory usage. Loaded Objects now: 2690.
Total: 2.456300 ms (FindLiveObjects: 0.214800 ms CreateObjectMapping: 0.089500 ms MarkObjects: 1.989700 ms  DeleteObjects: 0.160900 ms)

AssetImportParameters requested are different than current active one (requested -> active):
  custom:framework-win-MediaFoundation: 216162199b28c13a410421893ffa2e32 -> 
  custom:video-decoder-ogg-theora: a1e56fd34408186e4bbccfd4996cb3dc -> 
  custom:container-muxer-webm: aa71ff27fc2769a1b78a27578f13a17b -> 
  custom:container-demuxer-webm: 4f35f7cbe854078d1ac9338744f61a02 -> 
  custom:container-demuxer-ogg: 62fdf1f143b41e24485cea50d1cbac27 -> 
  custom:video-encoder-webm-vp8: eb34c28f22e8b96e1ab97ce403110664 -> 
  custom:video-decoder-webm-vp8: 9c59270c3fd7afecdb556c50c9e8de78 -> 
  custom:audio-decoder-ogg-vorbis: bf7c407c2cedff20999df2af8eb42d56 -> 
  custom:audio-encoder-webm-vorbis: bf7c407c2cedff20999df2af8eb42d56 -> 
========================================================================
Received Prepare
Registering precompiled user dll's ...
Registered in 0.010566 seconds.
Begin MonoManager ReloadAssembly
Native extension for WindowsStandalone target not found
Refreshing native plugins compatible for Editor in 0.43 ms, found 3 plugins.
Preloading 0 native plugins for Editor in 0.00 ms.
Mono: successfully reloaded assembly
- Completed reload, in  1.300 seconds
Platform modules already initialized, skipping
Refreshing native plugins compatible for Editor in 0.45 ms, found 3 plugins.
Preloading 0 native plugins for Editor in 0.00 ms.
Unloading 2078 Unused Serialized files (Serialized files now loaded: 0)
System memory in use before: 99.0 MB.
System memory in use after: 99.0 MB.

Unloading 21 unused Assets to reduce memory usage. Loaded Objects now: 2694.
Total: 2.935400 ms (FindLiveObjects: 0.207000 ms CreateObjectMapping: 0.082500 ms MarkObjects: 2.488000 ms  DeleteObjects: 0.156600 ms)

AssetImportParameters requested are different than current active one (requested -> active):
  custom:framework-win-MediaFoundation: 216162199b28c13a410421893ffa2e32 -> 
  custom:video-decoder-ogg-theora: a1e56fd34408186e4bbccfd4996cb3dc -> 
  custom:container-muxer-webm: aa71ff27fc2769a1b78a27578f13a17b -> 
  custom:container-demuxer-webm: 4f35f7cbe854078d1ac9338744f61a02 -> 
  custom:container-demuxer-ogg: 62fdf1f143b41e24485cea50d1cbac27 -> 
  custom:video-encoder-webm-vp8: eb34c28f22e8b96e1ab97ce403110664 -> 
  custom:video-decoder-webm-vp8: 9c59270c3fd7afecdb556c50c9e8de78 -> 
  custom:audio-decoder-ogg-vorbis: bf7c407c2cedff20999df2af8eb42d56 -> 
  custom:audio-encoder-webm-vorbis: bf7c407c2cedff20999df2af8eb42d56 -> 
========================================================================
Received Prepare
Registering precompiled user dll's ...
Registered in 0.006482 seconds.
Begin MonoManager ReloadAssembly
Native extension for WindowsStandalone target not found
Refreshing native plugins compatible for Editor in 0.43 ms, found 3 plugins.
Preloading 0 native plugins for Editor in 0.00 ms.
Mono: successfully reloaded assembly
- Completed reload, in  1.194 seconds
Platform modules already initialized, skipping
Refreshing native plugins compatible for Editor in 0.44 ms, found 3 plugins.
Preloading 0 native plugins for Editor in 0.00 ms.
Unloading 2078 Unused Serialized files (Serialized files now loaded: 0)
System memory in use before: 99.0 MB.
System memory in use after: 99.0 MB.

Unloading 21 unused Assets to reduce memory usage. Loaded Objects now: 2698.
Total: 2.549300 ms (FindLiveObjects: 0.198100 ms CreateObjectMapping: 0.081200 ms MarkObjects: 2.115000 ms  DeleteObjects: 0.154000 ms)

AssetImportParameters requested are different than current active one (requested -> active):
  custom:framework-win-MediaFoundation: 216162199b28c13a410421893ffa2e32 -> 
  custom:video-decoder-ogg-theora: a1e56fd34408186e4bbccfd4996cb3dc -> 
  custom:container-muxer-webm: aa71ff27fc2769a1b78a27578f13a17b -> 
  custom:container-demuxer-webm: 4f35f7cbe854078d1ac9338744f61a02 -> 
  custom:container-demuxer-ogg: 62fdf1f143b41e24485cea50d1cbac27 -> 
  custom:video-encoder-webm-vp8: eb34c28f22e8b96e1ab97ce403110664 -> 
  custom:video-decoder-webm-vp8: 9c59270c3fd7afecdb556c50c9e8de78 -> 
  custom:audio-decoder-ogg-vorbis: bf7c407c2cedff20999df2af8eb42d56 -> 
  custom:audio-encoder-webm-vorbis: bf7c407c2cedff20999df2af8eb42d56 -> 
========================================================================
Received Prepare
Registering precompiled user dll's ...
Registered in 0.006654 seconds.
Begin MonoManager ReloadAssembly
Native extension for WindowsStandalone target not found
Refreshing native plugins compatible for Editor in 0.46 ms, found 3 plugins.
Preloading 0 native plugins for Editor in 0.00 ms.
Mono: successfully reloaded assembly
- Completed reload, in  1.197 seconds
Platform modules already initialized, skipping
Refreshing native plugins compatible for Editor in 0.48 ms, found 3 plugins.
Preloading 0 native plugins for Editor in 0.00 ms.
Unloading 2078 Unused Serialized files (Serialized files now loaded: 0)
System memory in use before: 99.0 MB.
System memory in use after: 99.0 MB.

Unloading 21 unused Assets to reduce memory usage. Loaded Objects now: 2702.
Total: 2.394600 ms (FindLiveObjects: 0.214000 ms CreateObjectMapping: 0.091200 ms MarkObjects: 1.957600 ms  DeleteObjects: 0.130500 ms)

AssetImportParameters requested are different than current active one (requested -> active):
  custom:framework-win-MediaFoundation: 216162199b28c13a410421893ffa2e32 -> 
  custom:video-decoder-ogg-theora: a1e56fd34408186e4bbccfd4996cb3dc -> 
  custom:container-muxer-webm: aa71ff27fc2769a1b78a27578f13a17b -> 
  custom:container-demuxer-webm: 4f35f7cbe854078d1ac9338744f61a02 -> 
  custom:container-demuxer-ogg: 62fdf1f143b41e24485cea50d1cbac27 -> 
  custom:video-encoder-webm-vp8: eb34c28f22e8b96e1ab97ce403110664 -> 
  custom:video-decoder-webm-vp8: 9c59270c3fd7afecdb556c50c9e8de78 -> 
  custom:audio-decoder-ogg-vorbis: bf7c407c2cedff20999df2af8eb42d56 -> 
  custom:audio-encoder-webm-vorbis: bf7c407c2cedff20999df2af8eb42d56 -> 
========================================================================
Received Prepare
Registering precompiled user dll's ...
Registered in 0.008785 seconds.
Begin MonoManager ReloadAssembly
Native extension for WindowsStandalone target not found
Refreshing native plugins compatible for Editor in 0.54 ms, found 3 plugins.
Preloading 0 native plugins for Editor in 0.00 ms.
Mono: successfully reloaded assembly
- Completed reload, in  1.130 seconds
Platform modules already initialized, skipping
Refreshing native plugins compatible for Editor in 0.43 ms, found 3 plugins.
Preloading 0 native plugins for Editor in 0.00 ms.
Unloading 2078 Unused Serialized files (Serialized files now loaded: 0)
System memory in use before: 99.1 MB.
System memory in use after: 99.1 MB.

Unloading 21 unused Assets to reduce memory usage. Loaded Objects now: 2706.
Total: 2.726900 ms (FindLiveObjects: 0.240200 ms CreateObjectMapping: 0.087400 ms MarkObjects: 2.240600 ms  DeleteObjects: 0.157800 ms)

AssetImportParameters requested are different than current active one (requested -> active):
  custom:framework-win-MediaFoundation: 216162199b28c13a410421893ffa2e32 -> 
  custom:video-decoder-ogg-theora: a1e56fd34408186e4bbccfd4996cb3dc -> 
  custom:container-muxer-webm: aa71ff27fc2769a1b78a27578f13a17b -> 
  custom:container-demuxer-webm: 4f35f7cbe854078d1ac9338744f61a02 -> 
  custom:container-demuxer-ogg: 62fdf1f143b41e24485cea50d1cbac27 -> 
  custom:video-encoder-webm-vp8: eb34c28f22e8b96e1ab97ce403110664 -> 
  custom:video-decoder-webm-vp8: 9c59270c3fd7afecdb556c50c9e8de78 -> 
  custom:audio-decoder-ogg-vorbis: bf7c407c2cedff20999df2af8eb42d56 -> 
  custom:audio-encoder-webm-vorbis: bf7c407c2cedff20999df2af8eb42d56 -> 
AssetImportWorkerClient::OnTransportError - code=2 error=End of file
